{"uid":10000,"ver":"3.3.2","act":5,"display":"1280x768","model":"computer","acttime":1767261989000,"net":1,"xaid":"","brand":"computer","osver":"win10","vercode":"35100064","platform":3}
{"ver":"3.3.2","display":"1280x768","goods_id":7372400,"osver":"win10","platform":3,"uid":10000,"act":3,"loading_time":182,"model":"computer","acttime":1767261989000,"net":1,"xaid":"","brand":"computer","vercode":"35100064","stay_time":21}
{"ver":"3.3.2","display":"1280x768","goods_id":100013209248,"osver":"win10","platform":3,"uid":10000,"act":2,"model":"computer","acttime":1767261989000,"location":1,"net":1,"xaid":"","brand":"computer","vercode":"35100064"}
{"ver":"3.3.2","display":"1280x768","osver":"win10","platform":3,"ad_status":2,"uid":10000,"act":1,"loading_time":906,"model":"computer","acttime":1767261989000,"net":1,"xaid":"","brand":"computer","vercode":"35100064"}
{"ver":"3.0.4","display":"1920x1080","osver":"win10","platform":3,"ad_status":2,"uid":10001,"act":1,"loading_time":266,"model":"computer","acttime":1767261868000,"net":1,"xaid":"","brand":"computer","vercode":"35100033"}
{"uid":10001,"ver":"3.0.4","act":5,"display":"1920x1080","model":"computer","acttime":1767261868000,"net":1,"xaid":"","brand":"computer","osver":"win10","vercode":"35100033","platform":3}
{"ver":"3.0.4","display":"1920x1080","goods_id":11608617295,"osver":"win10","platform":3,"uid":10001,"act":2,"model":"computer","acttime":1767261868000,"location":3,"net":1,"xaid":"","brand":"computer","vercode":"35100033"}
{"ver":"3.0.4","display":"1920x1080","osver":"win10","platform":3,"uid":10001,"act":4,"loading_time":450,"goods_num":10,"model":"computer","acttime":1767261868000,"loading_type":1,"net":1,"xaid":"","brand":"computer","vercode":"35100033"}
{"ver":"3.1.5","display":"1334x750","goods_id":100007679565,"osver":"5.1","platform":2,"uid":10002,"act":2,"model":"xiaomi51","acttime":1767247409000,"location":1,"net":4,"xaid":"ab25617-c38910-m2","brand":"xiaomi","vercode":"35100083"}
{"ver":"3.1.5","display":"1334x750","osver":"5.1","platform":2,"ad_status":1,"uid":10002,"act":1,"loading_time":715,"model":"xiaomi51","acttime":1767247409000,"net":4,"xaid":"ab25617-c38910-m2","brand":"xiaomi","vercode":"35100083"}
{"ver":"3.1.5","display":"1334x750","goods_id":68756047416,"osver":"5.1","platform":2,"uid":10002,"act":3,"loading_time":283,"model":"xiaomi51","acttime":1767247409000,"net":4,"xaid":"ab25617-c38910-m2","brand":"xiaomi","vercode":"35100083","stay_time":3782}
{"uid":10002,"ver":"3.1.5","act":5,"display":"1334x750","model":"xiaomi51","acttime":1767247409000,"net":4,"xaid":"ab25617-c38910-m2","brand":"xiaomi","osver":"5.1","vercode":"35100083","platform":2}
{"uid":10003,"ver":"3.4.3","act":5,"display":"1334x750","model":"oppo41","acttime":1767233069000,"net":5,"xaid":"ab25617-c38910-m3","brand":"oppo","osver":"ios13","vercode":"35100019","platform":1}
{"ver":"3.4.3","display":"1334x750","osver":"ios13","platform":1,"uid":10003,"act":4,"loading_time":11,"goods_num":9,"model":"oppo41","acttime":1767233069000,"loading_type":2,"net":5,"xaid":"ab25617-c38910-m3","brand":"oppo","vercode":"35100019"}
{"ver":"3.4.3","display":"1334x750","osver":"ios13","platform":1,"uid":10003,"act":4,"loading_time":840,"goods_num":10,"model":"oppo41","acttime":1767233069000,"loading_type":2,"net":5,"xaid":"ab25617-c38910-m3","brand":"oppo","vercode":"35100019"}
{"ver":"3.4.3","display":"1334x750","osver":"ios13","platform":1,"uid":10003,"act":4,"loading_time":403,"goods_num":8,"model":"oppo41","acttime":1767233069000,"loading_type":2,"net":5,"xaid":"ab25617-c38910-m3","brand":"oppo","vercode":"35100019"}
{"ver":"3.0.7","display":"1920x1080","osver":"win10","platform":3,"uid":10004,"act":4,"loading_time":577,"goods_num":14,"model":"computer","acttime":1767236785000,"loading_type":1,"net":1,"xaid":"","brand":"computer","vercode":"35100041"}
{"ver":"3.0.7","display":"1920x1080","goods_id":100004051733,"osver":"win10","platform":3,"uid":10004,"act":2,"model":"computer","acttime":1767236785000,"location":1,"net":1,"xaid":"","brand":"computer","vercode":"35100041"}
{"ver":"3.0.7","display":"1920x1080","goods_id":100012950506,"osver":"win10","platform":3,"uid":10004,"act":3,"loading_time":975,"model":"computer","acttime":1767236785000,"net":1,"xaid":"","brand":"computer","vercode":"35100041","stay_time":1183}
{"ver":"3.0.7","display":"1920x1080","goods_id":100002403242,"osver":"win10","platform":3,"uid":10004,"act":2,"model":"computer","acttime":1767236785000,"location":8,"net":1,"xaid":"","brand":"computer","vercode":"35100041"}
{"ver":"3.2.0","display":"1280x768","goods_id":36943981377,"osver":"ios12","platform":1,"uid":10005,"act":3,"loading_time":27,"model":"iPhone31","acttime":1767233060000,"net":5,"xaid":"ab25617-c38910-m5","brand":"iPhone","vercode":"35100093","stay_time":5985}
{"ver":"3.2.0","display":"1280x768","osver":"ios12","platform":1,"ad_status":2,"uid":10005,"act":1,"loading_time":116,"model":"iPhone31","acttime":1767233060000,"net":5,"xaid":"ab25617-c38910-m5","brand":"iPhone","vercode":"35100093"}
{"ver":"3.2.0","display":"1280x768","osver":"ios12","platform":1,"uid":10005,"act":4,"loading_time":652,"goods_num":9,"model":"iPhone31","acttime":1767233060000,"loading_type":2,"net":5,"xaid":"ab25617-c38910-m5","brand":"iPhone","vercode":"35100093"}
{"ver":"3.2.0","display":"1280x768","goods_id":100013431578,"osver":"ios12","platform":1,"uid":10005,"act":3,"loading_time":955,"model":"iPhone31","acttime":1767233060000,"net":5,"xaid":"ab25617-c38910-m5","brand":"iPhone","vercode":"35100093","stay_time":1812}
{"uid":10006,"ver":"3.1.8","act":5,"display":"1920x1080","model":"xiaomi31","acttime":1767258449000,"net":4,"xaid":"ab25617-c38910-m6","brand":"xiaomi","osver":"ios12","vercode":"35100074","platform":1}
{"ver":"3.1.8","display":"1920x1080","osver":"ios12","platform":1,"uid":10006,"act":4,"loading_time":691,"goods_num":14,"model":"xiaomi31","acttime":1767258449000,"loading_type":2,"net":4,"xaid":"ab25617-c38910-m6","brand":"xiaomi","vercode":"35100074"}
{"ver":"3.1.8","display":"1920x1080","osver":"ios12","platform":1,"uid":10006,"act":4,"loading_time":272,"goods_num":13,"model":"xiaomi31","acttime":1767258449000,"loading_type":2,"net":4,"xaid":"ab25617-c38910-m6","brand":"xiaomi","vercode":"35100074"}
{"ver":"3.1.8","display":"1920x1080","osver":"ios12","platform":1,"ad_status":1,"uid":10006,"act":1,"loading_time":489,"model":"xiaomi31","acttime":1767258449000,"net":4,"xaid":"ab25617-c38910-m6","brand":"xiaomi","vercode":"35100074"}
{"ver":"3.3.5","display":"1280x768","goods_id":68128189734,"osver":"7.1.1","platform":1,"uid":10007,"act":2,"model":"oppo31","acttime":1767262168000,"location":8,"net":0,"xaid":"ab25617-c38910-m7","brand":"oppo","vercode":"35100071"}
{"ver":"3.3.5","display":"1280x768","osver":"7.1.1","platform":1,"ad_status":2,"uid":10007,"act":1,"loading_time":3,"model":"oppo31","acttime":1767262168000,"net":0,"xaid":"ab25617-c38910-m7","brand":"oppo","vercode":"35100071"}
{"ver":"3.3.5","display":"1280x768","osver":"7.1.1","platform":1,"ad_status":1,"uid":10007,"act":1,"loading_time":371,"model":"oppo31","acttime":1767262168000,"net":0,"xaid":"ab25617-c38910-m7","brand":"oppo","vercode":"35100071"}
{"ver":"3.3.5","display":"1280x768","goods_id":100007928284,"osver":"7.1.1","platform":1,"uid":10007,"act":3,"loading_time":773,"model":"oppo31","acttime":1767262168000,"net":0,"xaid":"ab25617-c38910-m7","brand":"oppo","vercode":"35100071","stay_time":4189}
{"uid":10008,"ver":"3.4.5","act":5,"display":"1280x768","model":"huawei31","acttime":1767247408000,"net":4,"xaid":"ab25617-c38910-m8","brand":"huawei","osver":"6.0","vercode":"35100095","platform":1}
{"ver":"3.4.5","display":"1280x768","goods_id":100005656027,"osver":"6.0","platform":1,"uid":10008,"act":3,"loading_time":128,"model":"huawei31","acttime":1767247408000,"net":4,"xaid":"ab25617-c38910-m8","brand":"huawei","vercode":"35100095","stay_time":4902}
{"ver":"3.4.5","display":"1280x768","goods_id":100005822408,"osver":"6.0","platform":1,"uid":10008,"act":3,"loading_time":306,"model":"huawei31","acttime":1767247408000,"net":4,"xaid":"ab25617-c38910-m8","brand":"huawei","vercode":"35100095","stay_time":459}
{"uid":10008,"ver":"3.4.5","act":5,"display":"1280x768","model":"huawei31","acttime":1767247408000,"net":4,"xaid":"ab25617-c38910-m8","brand":"huawei","osver":"6.0","vercode":"35100095","platform":1}
{"ver":"3.3.2","display":"1920x1080","goods_id":65672196388,"osver":"win10","platform":3,"uid":10009,"act":3,"loading_time":579,"model":"computer","acttime":1767258384000,"net":1,"xaid":"","brand":"computer","vercode":"35100085","stay_time":798}
{"ver":"3.3.2","display":"1920x1080","osver":"win10","platform":3,"uid":10009,"act":4,"loading_time":564,"goods_num":5,"model":"computer","acttime":1767258384000,"loading_type":1,"net":1,"xaid":"","brand":"computer","vercode":"35100085"}
{"ver":"3.3.2","display":"1920x1080","osver":"win10","platform":3,"ad_status":1,"uid":10009,"act":1,"loading_time":429,"model":"computer","acttime":1767258384000,"net":1,"xaid":"","brand":"computer","vercode":"35100085"}
{"ver":"3.3.2","display":"1920x1080","osver":"win10","platform":3,"ad_status":2,"uid":10009,"act":1,"loading_time":674,"model":"computer","acttime":1767258384000,"net":1,"xaid":"","brand":"computer","vercode":"35100085"}
{"ver":"3.1.5","display":"1920x1080","goods_id":100007130003,"osver":"win10","platform":3,"uid":10010,"act":3,"loading_time":323,"model":"computer","acttime":1767247342000,"net":1,"xaid":"","brand":"computer","vercode":"35100040","stay_time":3550}
{"uid":10010,"ver":"3.1.5","act":5,"display":"1920x1080","model":"computer","acttime":1767247342000,"net":1,"xaid":"","brand":"computer","osver":"win10","vercode":"35100040","platform":3}
{"uid":10010,"ver":"3.1.5","act":5,"display":"1920x1080","model":"computer","acttime":1767247342000,"net":1,"xaid":"","brand":"computer","osver":"win10","vercode":"35100040","platform":3}
{"ver":"3.1.5","display":"1920x1080","osver":"win10","platform":3,"uid":10010,"act":4,"loading_time":47,"goods_num":8,"model":"computer","acttime":1767247342000,"loading_type":1,"net":1,"xaid":"","brand":"computer","vercode":"35100040"}
{"ver":"3.1.1","display":"1920x1080","osver":"ios13","platform":2,"uid":10011,"act":4,"loading_time":267,"goods_num":7,"model":"iPhone61","acttime":1767243683000,"loading_type":2,"net":4,"xaid":"ab25617-c38910-m11","brand":"iPhone","vercode":"35100033"}
{"ver":"3.1.1","display":"1920x1080","goods_id":1225383,"osver":"ios13","platform":2,"uid":10011,"act":2,"model":"iPhone61","acttime":1767243683000,"location":5,"net":4,"xaid":"ab25617-c38910-m11","brand":"iPhone","vercode":"35100033"}
{"ver":"3.1.1","display":"1920x1080","goods_id":100013411126,"osver":"ios13","platform":2,"uid":10011,"act":2,"model":"iPhone61","acttime":1767243683000,"location":5,"net":4,"xaid":"ab25617-c38910-m11","brand":"iPhone","vercode":"35100033"}
{"ver":"3.1.1","display":"1920x1080","goods_id":100005901838,"osver":"ios13","platform":2,"uid":10011,"act":2,"model":"iPhone61","acttime":1767243683000,"location":4,"net":4,"xaid":"ab25617-c38910-m11","brand":"iPhone","vercode":"35100033"}
{"ver":"3.4.7","display":"1280x800","goods_id":100002998528,"osver":"ios13","platform":2,"uid":10012,"act":3,"loading_time":978,"model":"oppo11","acttime":1767265280000,"net":0,"xaid":"ab25617-c38910-m12","brand":"oppo","vercode":"35100010","stay_time":1529}
{"uid":10012,"ver":"3.4.7","act":5,"display":"1280x800","model":"oppo11","acttime":1767265280000,"net":0,"xaid":"ab25617-c38910-m12","brand":"oppo","osver":"ios13","vercode":"35100010","platform":2}
{"uid":10012,"ver":"3.4.7","act":5,"display":"1280x800","model":"oppo11","acttime":1767265280000,"net":0,"xaid":"ab25617-c38910-m12","brand":"oppo","osver":"ios13","vercode":"35100010","platform":2}
{"ver":"3.4.7","display":"1280x800","osver":"ios13","platform":2,"ad_status":2,"uid":10012,"act":1,"loading_time":896,"model":"oppo11","acttime":1767265280000,"net":0,"xaid":"ab25617-c38910-m12","brand":"oppo","vercode":"35100010"}
{"ver":"3.2.3","display":"1920x1080","osver":"win10","platform":3,"ad_status":2,"uid":10013,"act":1,"loading_time":686,"model":"computer","acttime":1767265760000,"net":1,"xaid":"","brand":"computer","vercode":"35100090"}
{"ver":"3.2.3","display":"1920x1080","goods_id":100012920618,"osver":"win10","platform":3,"uid":10013,"act":3,"loading_time":89,"model":"computer","acttime":1767265760000,"net":1,"xaid":"","brand":"computer","vercode":"35100090","stay_time":2307}
{"ver":"3.2.3","display":"1920x1080","goods_id":100003749180,"osver":"win10","platform":3,"uid":10013,"act":2,"model":"computer","acttime":1767265760000,"location":0,"net":1,"xaid":"","brand":"computer","vercode":"35100090"}
{"uid":10013,"ver":"3.2.3","act":5,"display":"1920x1080","model":"computer","acttime":1767265760000,"net":1,"xaid":"","brand":"computer","osver":"win10","vercode":"35100090","platform":3}
{"ver":"3.0.4","display":"1280x800","goods_id":100000109473,"osver":"5.1","platform":2,"uid":10014,"act":2,"model":"xiaomi01","acttime":1767247584000,"location":1,"net":3,"xaid":"ab25617-c38910-m14","brand":"xiaomi","vercode":"35100045"}
{"uid":10014,"ver":"3.0.4","act":5,"display":"1280x800","model":"xiaomi01","acttime":1767247584000,"net":3,"xaid":"ab25617-c38910-m14","brand":"xiaomi","osver":"5.1","vercode":"35100045","platform":2}
{"ver":"3.0.4","display":"1280x800","osver":"5.1","platform":2,"uid":10014,"act":4,"loading_time":997,"goods_num":14,"model":"xiaomi01","acttime":1767247584000,"loading_type":1,"net":3,"xaid":"ab25617-c38910-m14","brand":"xiaomi","vercode":"35100045"}
{"ver":"3.0.4","display":"1280x800","goods_id":100006429491,"osver":"5.1","platform":2,"uid":10014,"act":2,"model":"xiaomi01","acttime":1767247584000,"location":9,"net":3,"xaid":"ab25617-c38910-m14","brand":"xiaomi","vercode":"35100045"}
{"uid":10015,"ver":"3.1.5","act":5,"display":"1334x750","model":"oppo21","acttime":1767265288000,"net":5,"xaid":"ab25617-c38910-m15","brand":"oppo","osver":"5.1","vercode":"35100041","platform":1}
{"ver":"3.1.5","display":"1334x750","osver":"5.1","platform":1,"ad_status":1,"uid":10015,"act":1,"loading_time":758,"model":"oppo21","acttime":1767265288000,"net":5,"xaid":"ab25617-c38910-m15","brand":"oppo","vercode":"35100041"}
{"uid":10015,"ver":"3.1.5","act":5,"display":"1334x750","model":"oppo21","acttime":1767265288000,"net":5,"xaid":"ab25617-c38910-m15","brand":"oppo","osver":"5.1","vercode":"35100041","platform":1}
{"uid":10015,"ver":"3.1.5","act":5,"display":"1334x750","model":"oppo21","acttime":1767265288000,"net":5,"xaid":"ab25617-c38910-m15","brand":"oppo","osver":"5.1","vercode":"35100041","platform":1}
{"ver":"3.1.1","display":"1280x800","osver":"6.0","platform":2,"uid":10016,"act":4,"loading_time":770,"goods_num":12,"model":"iPhone31","acttime":1767244101000,"loading_type":2,"net":4,"xaid":"ab25617-c38910-m16","brand":"iPhone","vercode":"35100066"}
{"ver":"3.1.1","display":"1280x800","goods_id":1501625,"osver":"6.0","platform":2,"uid":10016,"act":3,"loading_time":303,"model":"iPhone31","acttime":1767244101000,"net":4,"xaid":"ab25617-c38910-m16","brand":"iPhone","vercode":"35100066","stay_time":4899}
{"ver":"3.1.1","display":"1280x800","osver":"6.0","platform":2,"ad_status":2,"uid":10016,"act":1,"loading_time":296,"model":"iPhone31","acttime":1767244101000,"net":4,"xaid":"ab25617-c38910-m16","brand":"iPhone","vercode":"35100066"}
{"ver":"3.1.1","display":"1280x800","osver":"6.0","platform":2,"ad_status":2,"uid":10016,"act":1,"loading_time":654,"model":"iPhone31","acttime":1767244101000,"net":4,"xaid":"ab25617-c38910-m16","brand":"iPhone","vercode":"35100066"}
{"ver":"3.3.4","display":"1334x750","osver":"5.1","platform":1,"ad_status":2,"uid":10017,"act":1,"loading_time":790,"model":"iPhone51","acttime":1767258325000,"net":2,"xaid":"ab25617-c38910-m17","brand":"iPhone","vercode":"35100049"}
{"ver":"3.3.4","display":"1334x750","goods_id":59648863372,"osver":"5.1","platform":1,"uid":10017,"act":3,"loading_time":685,"model":"iPhone51","acttime":1767258325000,"net":2,"xaid":"ab25617-c38910-m17","brand":"iPhone","vercode":"35100049","stay_time":4841}
{"ver":"3.3.4","display":"1334x750","osver":"5.1","platform":1,"ad_status":1,"uid":10017,"act":1,"loading_time":421,"model":"iPhone51","acttime":1767258325000,"net":2,"xaid":"ab25617-c38910-m17","brand":"iPhone","vercode":"35100049"}
{"ver":"3.3.4","display":"1334x750","osver":"5.1","platform":1,"uid":10017,"act":4,"loading_time":296,"goods_num":12,"model":"iPhone51","acttime":1767258325000,"loading_type":2,"net":2,"xaid":"ab25617-c38910-m17","brand":"iPhone","vercode":"35100049"}
{"ver":"3.0.3","display":"1334x750","goods_id":100012885264,"osver":"win10","platform":3,"uid":10018,"act":2,"model":"computer","acttime":1767258264000,"location":0,"net":1,"xaid":"","brand":"computer","vercode":"35100065"}
{"ver":"3.0.3","display":"1334x750","goods_id":6648483,"osver":"win10","platform":3,"uid":10018,"act":3,"loading_time":232,"model":"computer","acttime":1767258264000,"net":1,"xaid":"","brand":"computer","vercode":"35100065","stay_time":2643}
{"ver":"3.0.3","display":"1334x750","osver":"win10","platform":3,"ad_status":1,"uid":10018,"act":1,"loading_time":504,"model":"computer","acttime":1767258264000,"net":1,"xaid":"","brand":"computer","vercode":"35100065"}
{"ver":"3.0.3","display":"1334x750","osver":"win10","platform":3,"uid":10018,"act":4,"loading_time":588,"goods_num":7,"model":"computer","acttime":1767258264000,"loading_type":1,"net":1,"xaid":"","brand":"computer","vercode":"35100065"}
{"ver":"3.2.8","display":"1334x750","osver":"ios12","platform":1,"uid":10019,"act":4,"loading_time":384,"goods_num":5,"model":"iPhone51","acttime":1767236420000,"loading_type":2,"net":1,"xaid":"ab25617-c38910-m19","brand":"iPhone","vercode":"35100022"}
{"ver":"3.2.8","display":"1334x750","goods_id":53112919724,"osver":"ios12","platform":1,"uid":10019,"act":2,"model":"iPhone51","acttime":1767236420000,"location":8,"net":1,"xaid":"ab25617-c38910-m19","brand":"iPhone","vercode":"35100022"}
{"ver":"3.2.8","display":"1334x750","osver":"ios12","platform":1,"ad_status":1,"uid":10019,"act":1,"loading_time":409,"model":"iPhone51","acttime":1767236420000,"net":1,"xaid":"ab25617-c38910-m19","brand":"iPhone","vercode":"35100022"}
{"uid":10019,"ver":"3.2.8","act":5,"display":"1334x750","model":"iPhone51","acttime":1767236420000,"net":1,"xaid":"ab25617-c38910-m19","brand":"iPhone","osver":"ios12","vercode":"35100022","platform":1}
{"ver":"3.3.2","display":"1920x1080","goods_id":63135229675,"osver":"win10","platform":3,"uid":10020,"act":2,"model":"computer","acttime":1767243686000,"location":10,"net":1,"xaid":"","brand":"computer","vercode":"3510003"}
{"ver":"3.3.2","display":"1920x1080","goods_id":100012340878,"osver":"win10","platform":3,"uid":10020,"act":3,"loading_time":566,"model":"computer","acttime":1767243686000,"net":1,"xaid":"","brand":"computer","vercode":"3510003","stay_time":588}
{"ver":"3.3.2","display":"1920x1080","goods_id":16274291808,"osver":"win10","platform":3,"uid":10020,"act":3,"loading_time":811,"model":"computer","acttime":1767243686000,"net":1,"xaid":"","brand":"computer","vercode":"3510003","stay_time":2942}
{"ver":"3.3.2","display":"1920x1080","goods_id":100003481170,"osver":"win10","platform":3,"uid":10020,"act":3,"loading_time":619,"model":"computer","acttime":1767243686000,"net":1,"xaid":"","brand":"computer","vercode":"3510003","stay_time":3299}
{"uid":10021,"ver":"3.2.0","act":5,"display":"1280x768","model":"computer","acttime":1767240149000,"net":1,"xaid":"","brand":"computer","osver":"win10","vercode":"35100028","platform":3}
{"uid":10021,"ver":"3.2.0","act":5,"display":"1280x768","model":"computer","acttime":1767240149000,"net":1,"xaid":"","brand":"computer","osver":"win10","vercode":"35100028","platform":3}
{"ver":"3.2.0","display":"1280x768","goods_id":100004213019,"osver":"win10","platform":3,"uid":10021,"act":2,"model":"computer","acttime":1767240149000,"location":2,"net":1,"xaid":"","brand":"computer","vercode":"35100028"}
{"ver":"3.2.0","display":"1280x768","osver":"win10","platform":3,"uid":10021,"act":4,"loading_time":475,"goods_num":11,"model":"computer","acttime":1767240149000,"loading_type":2,"net":1,"xaid":"","brand":"computer","vercode":"35100028"}
{"ver":"3.3.6","display":"1920x1080","goods_id":100012620814,"osver":"win10","platform":3,"uid":10022,"act":3,"loading_time":662,"model":"computer","acttime":1767250825000,"net":1,"xaid":"","brand":"computer","vercode":"35100099","stay_time":3129}
{"ver":"3.3.6","display":"1920x1080","goods_id":4331143,"osver":"win10","platform":3,"uid":10022,"act":2,"model":"computer","acttime":1767250825000,"location":1,"net":1,"xaid":"","brand":"computer","vercode":"35100099"}
{"ver":"3.3.6","display":"1920x1080","osver":"win10","platform":3,"uid":10022,"act":4,"loading_time":658,"goods_num":7,"model":"computer","acttime":1767250825000,"loading_type":1,"net":1,"xaid":"","brand":"computer","vercode":"35100099"}
{"ver":"3.3.6","display":"1920x1080","goods_id":100011461634,"osver":"win10","platform":3,"uid":10022,"act":3,"loading_time":921,"model":"computer","acttime":1767250825000,"net":1,"xaid":"","brand":"computer","vercode":"35100099","stay_time":162}
{"ver":"3.1.2","display":"1334x750","osver":"win10","platform":3,"ad_status":2,"uid":10023,"act":1,"loading_time":142,"model":"computer","acttime":1767250829000,"net":1,"xaid":"","brand":"computer","vercode":"35100068"}
{"ver":"3.1.2","display":"1334x750","goods_id":100013273408,"osver":"win10","platform":3,"uid":10023,"act":3,"loading_time":282,"model":"computer","acttime":1767250829000,"net":1,"xaid":"","brand":"computer","vercode":"35100068","stay_time":1635}
{"uid":10023,"ver":"3.1.2","act":5,"display":"1334x750","model":"computer","acttime":1767250829000,"net":1,"xaid":"","brand":"computer","osver":"win10","vercode":"35100068","platform":3}
{"ver":"3.1.2","display":"1334x750","osver":"win10","platform":3,"ad_status":1,"uid":10023,"act":1,"loading_time":539,"model":"computer","acttime":1767250829000,"net":1,"xaid":"","brand":"computer","vercode":"35100068"}
{"ver":"3.4.8","display":"1920x1080","osver":"5.1","platform":1,"uid":10024,"act":4,"loading_time":141,"goods_num":14,"model":"xiaomi41","acttime":1767233180000,"loading_type":1,"net":5,"xaid":"ab25617-c38910-m24","brand":"xiaomi","vercode":"35100013"}
{"uid":10024,"ver":"3.4.8","act":5,"display":"1920x1080","model":"xiaomi41","acttime":1767233180000,"net":5,"xaid":"ab25617-c38910-m24","brand":"xiaomi","osver":"5.1","vercode":"35100013","platform":1}
{"ver":"3.4.8","display":"1920x1080","goods_id":100000109473,"osver":"5.1","platform":1,"uid":10024,"act":3,"loading_time":659,"model":"xiaomi41","acttime":1767233180000,"net":5,"xaid":"ab25617-c38910-m24","brand":"xiaomi","vercode":"35100013","stay_time":2105}
{"ver":"3.4.8","display":"1920x1080","osver":"5.1","platform":1,"uid":10024,"act":4,"loading_time":605,"goods_num":5,"model":"xiaomi41","acttime":1767233180000,"loading_type":2,"net":5,"xaid":"ab25617-c38910-m24","brand":"xiaomi","vercode":"35100013"}
{"uid":10025,"ver":"3.3.8","act":5,"display":"1920x1080","model":"oppo81","acttime":1767243861000,"net":4,"xaid":"ab25617-c38910-m25","brand":"oppo","osver":"7.1.1","vercode":"35100032","platform":2}
{"ver":"3.3.8","display":"1920x1080","osver":"7.1.1","platform":2,"ad_status":1,"uid":10025,"act":1,"loading_time":595,"model":"oppo81","acttime":1767243861000,"net":4,"xaid":"ab25617-c38910-m25","brand":"oppo","vercode":"35100032"}
{"ver":"3.3.8","display":"1920x1080","osver":"7.1.1","platform":2,"ad_status":1,"uid":10025,"act":1,"loading_time":915,"model":"oppo81","acttime":1767243861000,"net":4,"xaid":"ab25617-c38910-m25","brand":"oppo","vercode":"35100032"}
{"ver":"3.3.8","display":"1920x1080","osver":"7.1.1","platform":2,"ad_status":2,"uid":10025,"act":1,"loading_time":368,"model":"oppo81","acttime":1767243861000,"net":4,"xaid":"ab25617-c38910-m25","brand":"oppo","vercode":"35100032"}
{"ver":"3.1.4","display":"1280x768","osver":"win10","platform":3,"ad_status":1,"uid":10026,"act":1,"loading_time":758,"model":"computer","acttime":1767251008000,"net":1,"xaid":"","brand":"computer","vercode":"35100091"}
{"ver":"3.1.4","display":"1280x768","osver":"win10","platform":3,"uid":10026,"act":4,"loading_time":408,"goods_num":13,"model":"computer","acttime":1767251008000,"loading_type":1,"net":1,"xaid":"","brand":"computer","vercode":"35100091"}
{"ver":"3.1.4","display":"1280x768","osver":"win10","platform":3,"ad_status":2,"uid":10026,"act":1,"loading_time":97,"model":"computer","acttime":1767251008000,"net":1,"xaid":"","brand":"computer","vercode":"35100091"}
{"ver":"3.1.4","display":"1280x768","osver":"win10","platform":3,"ad_status":1,"uid":10026,"act":1,"loading_time":575,"model":"computer","acttime":1767251008000,"net":1,"xaid":"","brand":"computer","vercode":"35100091"}
{"ver":"3.3.6","display":"1920x1080","goods_id":100007928284,"osver":"7.1.1","platform":2,"uid":10027,"act":3,"loading_time":948,"model":"huawei21","acttime":1767233249000,"net":1,"xaid":"ab25617-c38910-m27","brand":"huawei","vercode":"35100072","stay_time":4844}
{"ver":"3.3.6","display":"1920x1080","osver":"7.1.1","platform":2,"ad_status":1,"uid":10027,"act":1,"loading_time":440,"model":"huawei21","acttime":1767233249000,"net":1,"xaid":"ab25617-c38910-m27","brand":"huawei","vercode":"35100072"}
{"uid":10027,"ver":"3.3.6","act":5,"display":"1920x1080","model":"huawei21","acttime":1767233249000,"net":1,"xaid":"ab25617-c38910-m27","brand":"huawei","osver":"7.1.1","vercode":"35100072","platform":2}
{"ver":"3.3.6","display":"1920x1080","goods_id":6353765,"osver":"7.1.1","platform":2,"uid":10027,"act":3,"loading_time":731,"model":"huawei21","acttime":1767233249000,"net":1,"xaid":"ab25617-c38910-m27","brand":"huawei","vercode":"35100072","stay_time":3092}
{"ver":"3.3.4","display":"1334x750","osver":"win10","platform":3,"ad_status":2,"uid":10028,"act":1,"loading_time":562,"model":"computer","acttime":1767254840000,"net":1,"xaid":"","brand":"computer","vercode":"35100087"}
{"ver":"3.3.4","display":"1334x750","osver":"win10","platform":3,"uid":10028,"act":4,"loading_time":698,"goods_num":5,"model":"computer","acttime":1767254840000,"loading_type":2,"net":1,"xaid":"","brand":"computer","vercode":"35100087"}
{"ver":"3.3.4","display":"1334x750","goods_id":67150226884,"osver":"win10","platform":3,"uid":10028,"act":3,"loading_time":731,"model":"computer","acttime":1767254840000,"net":1,"xaid":"","brand":"computer","vercode":"35100087","stay_time":2022}
{"uid":10028,"ver":"3.3.4","act":5,"display":"1334x750","model":"computer","acttime":1767254840000,"net":1,"xaid":"","brand":"computer","osver":"win10","vercode":"35100087","platform":3}
{"ver":"3.0.2","display":"1334x750","goods_id":65672196388,"osver":"5.1","platform":1,"uid":10029,"act":2,"model":"huawei51","acttime":1767265228000,"location":8,"net":4,"xaid":"ab25617-c38910-m29","brand":"huawei","vercode":"35100055"}
{"ver":"3.0.2","display":"1334x750","goods_id":5189035,"osver":"5.1","platform":1,"uid":10029,"act":2,"model":"huawei51","acttime":1767265228000,"location":8,"net":4,"xaid":"ab25617-c38910-m29","brand":"huawei","vercode":"35100055"}
{"ver":"3.0.2","display":"1334x750","osver":"5.1","platform":1,"uid":10029,"act":4,"loading_time":846,"goods_num":5,"model":"huawei51","acttime":1767265228000,"loading_type":1,"net":4,"xaid":"ab25617-c38910-m29","brand":"huawei","vercode":"35100055"}
{"ver":"3.0.2","display":"1334x750","osver":"5.1","platform":1,"uid":10029,"act":4,"loading_time":445,"goods_num":7,"model":"huawei51","acttime":1767265228000,"loading_type":2,"net":4,"xaid":"ab25617-c38910-m29","brand":"huawei","vercode":"35100055"}
{"uid":10030,"ver":"3.0.8","act":5,"display":"1334x750","model":"oppo81","acttime":1767261982000,"net":2,"xaid":"ab25617-c38910-m30","brand":"oppo","osver":"ios12","vercode":"35100066","platform":2}
{"ver":"3.0.8","display":"1334x750","goods_id":100002403242,"osver":"ios12","platform":2,"uid":10030,"act":3,"loading_time":370,"model":"oppo81","acttime":1767261982000,"net":2,"xaid":"ab25617-c38910-m30","brand":"oppo","vercode":"35100066","stay_time":1137}
{"uid":10030,"ver":"3.0.8","act":5,"display":"1334x750","model":"oppo81","acttime":1767261982000,"net":2,"xaid":"ab25617-c38910-m30","brand":"oppo","osver":"ios12","vercode":"35100066","platform":2}
{"ver":"3.0.8","display":"1334x750","goods_id":1003835,"osver":"ios12","platform":2,"uid":10030,"act":2,"model":"oppo81","acttime":1767261982000,"location":9,"net":2,"xaid":"ab25617-c38910-m30","brand":"oppo","vercode":"35100066"}
{"ver":"3.3.2","display":"1334x750","osver":"ios12","platform":1,"ad_status":1,"uid":10031,"act":1,"loading_time":188,"model":"iPhone81","acttime":1767247646000,"net":5,"xaid":"ab25617-c38910-m31","brand":"iPhone","vercode":"35100046"}
{"uid":10031,"ver":"3.3.2","act":5,"display":"1334x750","model":"iPhone81","acttime":1767247646000,"net":5,"xaid":"ab25617-c38910-m31","brand":"iPhone","osver":"ios12","vercode":"35100046","platform":1}
{"uid":10031,"ver":"3.3.2","act":5,"display":"1334x750","model":"iPhone81","acttime":1767247646000,"net":5,"xaid":"ab25617-c38910-m31","brand":"iPhone","osver":"ios12","vercode":"35100046","platform":1}
{"uid":10031,"ver":"3.3.2","act":5,"display":"1334x750","model":"iPhone81","acttime":1767247646000,"net":5,"xaid":"ab25617-c38910-m31","brand":"iPhone","osver":"ios12","vercode":"35100046","platform":1}
{"ver":"3.3.2","display":"1280x800","osver":"6.0","platform":2,"ad_status":1,"uid":10032,"act":1,"loading_time":777,"model":"iPhone51","acttime":1767240269000,"net":2,"xaid":"ab25617-c38910-m32","brand":"iPhone","vercode":"35100020"}
{"uid":10032,"ver":"3.3.2","act":5,"display":"1280x800","model":"iPhone51","acttime":1767240269000,"net":2,"xaid":"ab25617-c38910-m32","brand":"iPhone","osver":"6.0","vercode":"35100020","platform":2}
{"ver":"3.3.2","display":"1280x800","goods_id":68056236906,"osver":"6.0","platform":2,"uid":10032,"act":3,"loading_time":710,"model":"iPhone51","acttime":1767240269000,"net":2,"xaid":"ab25617-c38910-m32","brand":"iPhone","vercode":"35100020","stay_time":1983}
{"ver":"3.3.2","display":"1280x800","osver":"6.0","platform":2,"uid":10032,"act":4,"loading_time":283,"goods_num":9,"model":"iPhone51","acttime":1767240269000,"loading_type":1,"net":2,"xaid":"ab25617-c38910-m32","brand":"iPhone","vercode":"35100020"}
{"ver":"3.4.3","display":"1920x1080","osver":"5.1","platform":2,"ad_status":2,"uid":10033,"act":1,"loading_time":549,"model":"xiaomi01","acttime":1767265581000,"net":2,"xaid":"ab25617-c38910-m33","brand":"xiaomi","vercode":"35100077"}
{"ver":"3.4.3","display":"1920x1080","goods_id":8074512,"osver":"5.1","platform":2,"uid":10033,"act":3,"loading_time":340,"model":"xiaomi01","acttime":1767265581000,"net":2,"xaid":"ab25617-c38910-m33","brand":"xiaomi","vercode":"35100077","stay_time":5935}
{"ver":"3.4.3","display":"1920x1080","osver":"5.1","platform":2,"uid":10033,"act":4,"loading_time":116,"goods_num":8,"model":"xiaomi01","acttime":1767265581000,"loading_type":1,"net":2,"xaid":"ab25617-c38910-m33","brand":"xiaomi","vercode":"35100077"}
{"ver":"3.4.3","display":"1920x1080","osver":"5.1","platform":2,"ad_status":2,"uid":10033,"act":1,"loading_time":532,"model":"xiaomi01","acttime":1767265581000,"net":2,"xaid":"ab25617-c38910-m33","brand":"xiaomi","vercode":"35100077"}
{"ver":"3.2.8","display":"1280x768","goods_id":100008031678,"osver":"win10","platform":3,"uid":10034,"act":3,"loading_time":585,"model":"computer","acttime":1767265702000,"net":1,"xaid":"","brand":"computer","vercode":"35100018","stay_time":3285}
{"ver":"3.2.8","display":"1280x768","goods_id":1887518,"osver":"win10","platform":3,"uid":10034,"act":3,"loading_time":224,"model":"computer","acttime":1767265702000,"net":1,"xaid":"","brand":"computer","vercode":"35100018","stay_time":4165}
{"uid":10034,"ver":"3.2.8","act":5,"display":"1280x768","model":"computer","acttime":1767265702000,"net":1,"xaid":"","brand":"computer","osver":"win10","vercode":"35100018","platform":3}
{"ver":"3.2.8","display":"1280x768","osver":"win10","platform":3,"uid":10034,"act":4,"loading_time":259,"goods_num":10,"model":"computer","acttime":1767265702000,"loading_type":1,"net":1,"xaid":"","brand":"computer","vercode":"35100018"}
{"ver":"3.0.5","display":"1334x750","goods_id":7755764,"osver":"ios13","platform":1,"uid":10035,"act":2,"model":"iPhone71","acttime":1767233246000,"location":5,"net":3,"xaid":"ab25617-c38910-m35","brand":"iPhone","vercode":"35100014"}
{"uid":10035,"ver":"3.0.5","act":5,"display":"1334x750","model":"iPhone71","acttime":1767233246000,"net":3,"xaid":"ab25617-c38910-m35","brand":"iPhone","osver":"ios13","vercode":"35100014","platform":1}
{"uid":10035,"ver":"3.0.5","act":5,"display":"1334x750","model":"iPhone71","acttime":1767233246000,"net":3,"xaid":"ab25617-c38910-m35","brand":"iPhone","osver":"ios13","vercode":"35100014","platform":1}
{"ver":"3.0.5","display":"1334x750","goods_id":53067059819,"osver":"ios13","platform":1,"uid":10035,"act":3,"loading_time":486,"model":"iPhone71","acttime":1767233246000,"net":3,"xaid":"ab25617-c38910-m35","brand":"iPhone","vercode":"35100014","stay_time":731}
{"ver":"3.4.2","display":"1280x768","goods_id":100003304142,"osver":"6.0","platform":2,"uid":10036,"act":2,"model":"oppo31","acttime":1767254969000,"location":0,"net":1,"xaid":"ab25617-c38910-m36","brand":"oppo","vercode":"35100082"}
{"uid":10036,"ver":"3.4.2","act":5,"display":"1280x768","model":"oppo31","acttime":1767254969000,"net":1,"xaid":"ab25617-c38910-m36","brand":"oppo","osver":"6.0","vercode":"35100082","platform":2}
{"ver":"3.4.2","display":"1280x768","osver":"6.0","platform":2,"uid":10036,"act":4,"loading_time":580,"goods_num":7,"model":"oppo31","acttime":1767254969000,"loading_type":1,"net":1,"xaid":"ab25617-c38910-m36","brand":"oppo","vercode":"35100082"}
{"ver":"3.4.2","display":"1280x768","goods_id":8812627,"osver":"6.0","platform":2,"uid":10036,"act":3,"loading_time":635,"model":"oppo31","acttime":1767254969000,"net":1,"xaid":"ab25617-c38910-m36","brand":"oppo","vercode":"35100082","stay_time":3883}
{"uid":10037,"ver":"3.0.2","act":5,"display":"1280x800","model":"computer","acttime":1767232825000,"net":1,"xaid":"","brand":"computer","osver":"win10","vercode":"35100049","platform":3}
{"ver":"3.0.2","display":"1280x800","goods_id":70426599313,"osver":"win10","platform":3,"uid":10037,"act":3,"loading_time":963,"model":"computer","acttime":1767232825000,"net":1,"xaid":"","brand":"computer","vercode":"35100049","stay_time":4492}
{"uid":10037,"ver":"3.0.2","act":5,"display":"1280x800","model":"computer","acttime":1767232825000,"net":1,"xaid":"","brand":"computer","osver":"win10","vercode":"35100049","platform":3}
{"ver":"3.0.2","display":"1280x800","osver":"win10","platform":3,"uid":10037,"act":4,"loading_time":948,"goods_num":8,"model":"computer","acttime":1767232825000,"loading_type":1,"net":1,"xaid":"","brand":"computer","vercode":"35100049"}
{"ver":"3.2.8","display":"1334x750","goods_id":100012950510,"osver":"5.1","platform":1,"uid":10038,"act":3,"loading_time":860,"model":"oppo21","acttime":1767258148000,"net":0,"xaid":"ab25617-c38910-m38","brand":"oppo","vercode":"35100044","stay_time":389}
{"ver":"3.2.8","display":"1334x750","osver":"5.1","platform":1,"uid":10038,"act":4,"loading_time":288,"goods_num":9,"model":"oppo21","acttime":1767258148000,"loading_type":1,"net":0,"xaid":"ab25617-c38910-m38","brand":"oppo","vercode":"35100044"}
{"ver":"3.2.8","display":"1334x750","osver":"5.1","platform":1,"uid":10038,"act":4,"loading_time":748,"goods_num":6,"model":"oppo21","acttime":1767258148000,"loading_type":2,"net":0,"xaid":"ab25617-c38910-m38","brand":"oppo","vercode":"35100044"}
{"ver":"3.2.8","display":"1334x750","osver":"5.1","platform":1,"uid":10038,"act":4,"loading_time":874,"goods_num":7,"model":"oppo21","acttime":1767258148000,"loading_type":1,"net":0,"xaid":"ab25617-c38910-m38","brand":"oppo","vercode":"35100044"}
{"ver":"3.2.6","display":"1280x768","osver":"win10","platform":3,"ad_status":1,"uid":10039,"act":1,"loading_time":110,"model":"computer","acttime":1767254666000,"net":1,"xaid":"","brand":"computer","vercode":"35100013"}
{"ver":"3.2.6","display":"1280x768","osver":"win10","platform":3,"ad_status":2,"uid":10039,"act":1,"loading_time":46,"model":"computer","acttime":1767254666000,"net":1,"xaid":"","brand":"computer","vercode":"35100013"}
{"ver":"3.2.6","display":"1280x768","goods_id":100006429491,"osver":"win10","platform":3,"uid":10039,"act":2,"model":"computer","acttime":1767254666000,"location":8,"net":1,"xaid":"","brand":"computer","vercode":"35100013"}
{"ver":"3.2.6","display":"1280x768","osver":"win10","platform":3,"uid":10039,"act":4,"loading_time":355,"goods_num":12,"model":"computer","acttime":1767254666000,"loading_type":1,"net":1,"xaid":"","brand":"computer","vercode":"35100013"}
{"ver":"3.0.8","display":"1280x768","goods_id":100004408764,"osver":"6.0","platform":1,"uid":10040,"act":3,"loading_time":217,"model":"iPhone51","acttime":1767240146000,"net":5,"xaid":"ab25617-c38910-m40","brand":"iPhone","vercode":"35100088","stay_time":1260}
{"ver":"3.0.8","display":"1280x768","goods_id":100006743209,"osver":"6.0","platform":1,"uid":10040,"act":3,"loading_time":297,"model":"iPhone51","acttime":1767240146000,"net":5,"xaid":"ab25617-c38910-m40","brand":"iPhone","vercode":"35100088","stay_time":5091}
{"uid":10040,"ver":"3.0.8","act":5,"display":"1280x768","model":"iPhone51","acttime":1767240146000,"net":5,"xaid":"ab25617-c38910-m40","brand":"iPhone","osver":"6.0","vercode":"35100088","platform":1}
{"ver":"3.0.8","display":"1280x768","osver":"6.0","platform":1,"ad_status":1,"uid":10040,"act":1,"loading_time":261,"model":"iPhone51","acttime":1767240146000,"net":5,"xaid":"ab25617-c38910-m40","brand":"iPhone","vercode":"35100088"}
{"ver":"3.1.8","display":"1280x800","goods_id":100006460639,"osver":"win10","platform":3,"uid":10041,"act":3,"loading_time":431,"model":"computer","acttime":1767251366000,"net":1,"xaid":"","brand":"computer","vercode":"35100091","stay_time":217}
{"ver":"3.1.8","display":"1280x800","osver":"win10","platform":3,"ad_status":2,"uid":10041,"act":1,"loading_time":420,"model":"computer","acttime":1767251366000,"net":1,"xaid":"","brand":"computer","vercode":"35100091"}
{"ver":"3.1.8","display":"1280x800","osver":"win10","platform":3,"uid":10041,"act":4,"loading_time":710,"goods_num":11,"model":"computer","acttime":1767251366000,"loading_type":2,"net":1,"xaid":"","brand":"computer","vercode":"35100091"}
{"ver":"3.1.8","display":"1280x800","osver":"win10","platform":3,"uid":10041,"act":4,"loading_time":63,"goods_num":11,"model":"computer","acttime":1767251366000,"loading_type":2,"net":1,"xaid":"","brand":"computer","vercode":"35100091"}
{"ver":"3.0.7","display":"1920x1080","goods_id":1887518,"osver":"ios12","platform":2,"uid":10042,"act":2,"model":"huawei11","acttime":1767240509000,"location":1,"net":5,"xaid":"ab25617-c38910-m42","brand":"huawei","vercode":"3510006"}
{"ver":"3.0.7","display":"1920x1080","goods_id":100007967940,"osver":"ios12","platform":2,"uid":10042,"act":2,"model":"huawei11","acttime":1767240509000,"location":6,"net":5,"xaid":"ab25617-c38910-m42","brand":"huawei","vercode":"3510006"}
{"uid":10042,"ver":"3.0.7","act":5,"display":"1920x1080","model":"huawei11","acttime":1767240509000,"net":5,"xaid":"ab25617-c38910-m42","brand":"huawei","osver":"ios12","vercode":"3510006","platform":2}
{"ver":"3.0.7","display":"1920x1080","osver":"ios12","platform":2,"uid":10042,"act":4,"loading_time":26,"goods_num":10,"model":"huawei11","acttime":1767240509000,"loading_type":1,"net":5,"xaid":"ab25617-c38910-m42","brand":"huawei","vercode":"3510006"}
{"ver":"3.3.4","display":"1280x768","goods_id":100009289576,"osver":"6.0","platform":1,"uid":10043,"act":3,"loading_time":859,"model":"huawei11","acttime":1767251065000,"net":5,"xaid":"ab25617-c38910-m43","brand":"huawei","vercode":"35100055","stay_time":1769}
{"ver":"3.3.4","display":"1280x768","goods_id":100003432739,"osver":"6.0","platform":1,"uid":10043,"act":3,"loading_time":445,"model":"huawei11","acttime":1767251065000,"net":5,"xaid":"ab25617-c38910-m43","brand":"huawei","vercode":"35100055","stay_time":4821}
{"ver":"3.3.4","display":"1280x768","goods_id":100005182618,"osver":"6.0","platform":1,"uid":10043,"act":3,"loading_time":540,"model":"huawei11","acttime":1767251065000,"net":5,"xaid":"ab25617-c38910-m43","brand":"huawei","vercode":"35100055","stay_time":1421}
{"ver":"3.3.4","display":"1280x768","goods_id":59161185090,"osver":"6.0","platform":1,"uid":10043,"act":2,"model":"huawei11","acttime":1767251065000,"location":8,"net":5,"xaid":"ab25617-c38910-m43","brand":"huawei","vercode":"35100055"}
{"ver":"3.2.8","display":"1920x1080","osver":"win10","platform":3,"uid":10044,"act":4,"loading_time":81,"goods_num":8,"model":"computer","acttime":1767243800000,"loading_type":1,"net":1,"xaid":"","brand":"computer","vercode":"35100079"}
{"ver":"3.2.8","display":"1920x1080","osver":"win10","platform":3,"ad_status":1,"uid":10044,"act":1,"loading_time":367,"model":"computer","acttime":1767243800000,"net":1,"xaid":"","brand":"computer","vercode":"35100079"}
{"uid":10044,"ver":"3.2.8","act":5,"display":"1920x1080","model":"computer","acttime":1767243800000,"net":1,"xaid":"","brand":"computer","osver":"win10","vercode":"35100079","platform":3}
{"ver":"3.2.8","display":"1920x1080","osver":"win10","platform":3,"ad_status":2,"uid":10044,"act":1,"loading_time":309,"model":"computer","acttime":1767243800000,"net":1,"xaid":"","brand":"computer","vercode":"35100079"}
{"ver":"3.4.5","display":"1280x768","osver":"win10","platform":3,"uid":10045,"act":4,"loading_time":123,"goods_num":8,"model":"computer","acttime":1767243986000,"loading_type":2,"net":1,"xaid":"","brand":"computer","vercode":"35100063"}
{"ver":"3.4.5","display":"1280x768","osver":"win10","platform":3,"uid":10045,"act":4,"loading_time":392,"goods_num":6,"model":"computer","acttime":1767243986000,"loading_type":1,"net":1,"xaid":"","brand":"computer","vercode":"35100063"}
{"uid":10045,"ver":"3.4.5","act":5,"display":"1280x768","model":"computer","acttime":1767243986000,"net":1,"xaid":"","brand":"computer","osver":"win10","vercode":"35100063","platform":3}
{"ver":"3.4.5","display":"1280x768","osver":"win10","platform":3,"uid":10045,"act":4,"loading_time":783,"goods_num":9,"model":"computer","acttime":1767243986000,"loading_type":2,"net":1,"xaid":"","brand":"computer","vercode":"35100063"}
{"ver":"3.0.5","display":"1280x768","goods_id":1887526,"osver":"6.0","platform":2,"uid":10046,"act":3,"loading_time":577,"model":"huawei41","acttime":1767265344000,"net":5,"xaid":"ab25617-c38910-m46","brand":"huawei","vercode":"35100076","stay_time":585}
{"uid":10046,"ver":"3.0.5","act":5,"display":"1280x768","model":"huawei41","acttime":1767265344000,"net":5,"xaid":"ab25617-c38910-m46","brand":"huawei","osver":"6.0","vercode":"35100076","platform":2}
{"ver":"3.0.5","display":"1280x768","goods_id":100006947212,"osver":"6.0","platform":2,"uid":10046,"act":2,"model":"huawei41","acttime":1767265344000,"location":9,"net":5,"xaid":"ab25617-c38910-m46","brand":"huawei","vercode":"35100076"}
{"ver":"3.0.5","display":"1280x768","goods_id":100010377354,"osver":"6.0","platform":2,"uid":10046,"act":2,"model":"huawei41","acttime":1767265344000,"location":8,"net":5,"xaid":"ab25617-c38910-m46","brand":"huawei","vercode":"35100076"}
{"uid":10047,"ver":"3.4.2","act":5,"display":"1280x768","model":"xiaomi01","acttime":1767247523000,"net":2,"xaid":"ab25617-c38910-m47","brand":"xiaomi","osver":"6.0","vercode":"3510000","platform":2}
{"ver":"3.4.2","display":"1280x768","goods_id":1875992,"osver":"6.0","platform":2,"uid":10047,"act":3,"loading_time":330,"model":"xiaomi01","acttime":1767247523000,"net":2,"xaid":"ab25617-c38910-m47","brand":"xiaomi","vercode":"3510000","stay_time":558}
{"ver":"3.4.2","display":"1280x768","osver":"6.0","platform":2,"ad_status":1,"uid":10047,"act":1,"loading_time":213,"model":"xiaomi01","acttime":1767247523000,"net":2,"xaid":"ab25617-c38910-m47","brand":"xiaomi","vercode":"3510000"}
{"ver":"3.4.2","display":"1280x768","osver":"6.0","platform":2,"ad_status":1,"uid":10047,"act":1,"loading_time":127,"model":"xiaomi01","acttime":1767247523000,"net":2,"xaid":"ab25617-c38910-m47","brand":"xiaomi","vercode":"3510000"}
{"ver":"3.3.0","display":"1280x800","osver":"7.1.1","platform":1,"uid":10048,"act":4,"loading_time":606,"goods_num":5,"model":"huawei21","acttime":1767236909000,"loading_type":2,"net":0,"xaid":"ab25617-c38910-m48","brand":"huawei","vercode":"35100025"}
{"ver":"3.3.0","display":"1280x800","goods_id":100004404946,"osver":"7.1.1","platform":1,"uid":10048,"act":3,"loading_time":644,"model":"huawei21","acttime":1767236909000,"net":0,"xaid":"ab25617-c38910-m48","brand":"huawei","vercode":"35100025","stay_time":712}
{"ver":"3.3.0","display":"1280x800","osver":"7.1.1","platform":1,"uid":10048,"act":4,"loading_time":273,"goods_num":5,"model":"huawei21","acttime":1767236909000,"loading_type":2,"net":0,"xaid":"ab25617-c38910-m48","brand":"huawei","vercode":"35100025"}
{"ver":"3.3.0","display":"1280x800","goods_id":100004245966,"osver":"7.1.1","platform":1,"uid":10048,"act":2,"model":"huawei21","acttime":1767236909000,"location":1,"net":0,"xaid":"ab25617-c38910-m48","brand":"huawei","vercode":"35100025"}
{"ver":"3.2.4","display":"1280x768","osver":"5.1","platform":1,"uid":10049,"act":4,"loading_time":763,"goods_num":12,"model":"oppo41","acttime":1767233008000,"loading_type":1,"net":0,"xaid":"ab25617-c38910-m49","brand":"oppo","vercode":"35100098"}
{"ver":"3.2.4","display":"1280x768","osver":"5.1","platform":1,"uid":10049,"act":4,"loading_time":620,"goods_num":14,"model":"oppo41","acttime":1767233008000,"loading_type":2,"net":0,"xaid":"ab25617-c38910-m49","brand":"oppo","vercode":"35100098"}
{"uid":10049,"ver":"3.2.4","act":5,"display":"1280x768","model":"oppo41","acttime":1767233008000,"net":0,"xaid":"ab25617-c38910-m49","brand":"oppo","osver":"5.1","vercode":"35100098","platform":1}
{"ver":"3.2.4","display":"1280x768","osver":"5.1","platform":1,"uid":10049,"act":4,"loading_time":303,"goods_num":5,"model":"oppo41","acttime":1767233008000,"loading_type":2,"net":0,"xaid":"ab25617-c38910-m49","brand":"oppo","vercode":"35100098"}
{"ver":"3.3.2","display":"1920x1080","osver":"win10","platform":3,"ad_status":1,"uid":10050,"act":1,"loading_time":941,"model":"computer","acttime":1767247221000,"net":1,"xaid":"","brand":"computer","vercode":"35100064"}
{"ver":"3.3.2","display":"1920x1080","goods_id":100005603808,"osver":"win10","platform":3,"uid":10050,"act":2,"model":"computer","acttime":1767247221000,"location":5,"net":1,"xaid":"","brand":"computer","vercode":"35100064"}
{"ver":"3.3.2","display":"1920x1080","goods_id":40212129082,"osver":"win10","platform":3,"uid":10050,"act":3,"loading_time":308,"model":"computer","acttime":1767247221000,"net":1,"xaid":"","brand":"computer","vercode":"35100064","stay_time":3363}
{"ver":"3.3.2","display":"1920x1080","osver":"win10","platform":3,"ad_status":2,"uid":10050,"act":1,"loading_time":606,"model":"computer","acttime":1767247221000,"net":1,"xaid":"","brand":"computer","vercode":"35100064"}
{"ver":"3.3.0","display":"1920x1080","osver":"6.0","platform":1,"uid":10051,"act":4,"loading_time":371,"goods_num":7,"model":"iPhone61","acttime":1767254847000,"loading_type":1,"net":0,"xaid":"ab25617-c38910-m51","brand":"iPhone","vercode":"35100047"}
{"ver":"3.3.0","display":"1920x1080","goods_id":100010370676,"osver":"6.0","platform":1,"uid":10051,"act":3,"loading_time":467,"model":"iPhone61","acttime":1767254847000,"net":0,"xaid":"ab25617-c38910-m51","brand":"iPhone","vercode":"35100047","stay_time":400}
{"uid":10051,"ver":"3.3.0","act":5,"display":"1920x1080","model":"iPhone61","acttime":1767254847000,"net":0,"xaid":"ab25617-c38910-m51","brand":"iPhone","osver":"6.0","vercode":"35100047","platform":1}
{"ver":"3.3.0","display":"1920x1080","goods_id":100005171461,"osver":"6.0","platform":1,"uid":10051,"act":3,"loading_time":636,"model":"iPhone61","acttime":1767254847000,"net":0,"xaid":"ab25617-c38910-m51","brand":"iPhone","vercode":"35100047","stay_time":4048}
{"ver":"3.0.3","display":"1920x1080","goods_id":100003481170,"osver":"5.1","platform":2,"uid":10052,"act":3,"loading_time":703,"model":"huawei71","acttime":1767265221000,"net":1,"xaid":"ab25617-c38910-m52","brand":"huawei","vercode":"35100079","stay_time":4261}
{"ver":"3.0.3","display":"1920x1080","goods_id":6391124,"osver":"5.1","platform":2,"uid":10052,"act":3,"loading_time":341,"model":"huawei71","acttime":1767265221000,"net":1,"xaid":"ab25617-c38910-m52","brand":"huawei","vercode":"35100079","stay_time":5142}
{"uid":10052,"ver":"3.0.3","act":5,"display":"1920x1080","model":"huawei71","acttime":1767265221000,"net":1,"xaid":"ab25617-c38910-m52","brand":"huawei","osver":"5.1","vercode":"35100079","platform":2}
{"ver":"3.0.3","display":"1920x1080","goods_id":59161185092,"osver":"5.1","platform":2,"uid":10052,"act":2,"model":"huawei71","acttime":1767265221000,"location":10,"net":1,"xaid":"ab25617-c38910-m52","brand":"huawei","vercode":"35100079"}
{"ver":"3.0.0","display":"1334x750","osver":"7.1.1","platform":2,"ad_status":1,"uid":10053,"act":1,"loading_time":403,"model":"xiaomi61","acttime":1767243624000,"net":0,"xaid":"ab25617-c38910-m53","brand":"xiaomi","vercode":"35100061"}
{"uid":10053,"ver":"3.0.0","act":5,"display":"1334x750","model":"xiaomi61","acttime":1767243624000,"net":0,"xaid":"ab25617-c38910-m53","brand":"xiaomi","osver":"7.1.1","vercode":"35100061","platform":2}
{"ver":"3.0.0","display":"1334x750","goods_id":49900338295,"osver":"7.1.1","platform":2,"uid":10053,"act":3,"loading_time":462,"model":"xiaomi61","acttime":1767243624000,"net":0,"xaid":"ab25617-c38910-m53","brand":"xiaomi","vercode":"35100061","stay_time":2937}
{"ver":"3.0.0","display":"1334x750","osver":"7.1.1","platform":2,"ad_status":1,"uid":10053,"act":1,"loading_time":143,"model":"xiaomi61","acttime":1767243624000,"net":0,"xaid":"ab25617-c38910-m53","brand":"xiaomi","vercode":"35100061"}
{"ver":"3.0.3","display":"1280x768","osver":"ios13","platform":2,"uid":10054,"act":4,"loading_time":426,"goods_num":12,"model":"xiaomi31","acttime":1767247460000,"loading_type":2,"net":2,"xaid":"ab25617-c38910-m54","brand":"xiaomi","vercode":"35100083"}
{"ver":"3.0.3","display":"1280x768","osver":"ios13","platform":2,"ad_status":1,"uid":10054,"act":1,"loading_time":47,"model":"xiaomi31","acttime":1767247460000,"net":2,"xaid":"ab25617-c38910-m54","brand":"xiaomi","vercode":"35100083"}
{"ver":"3.0.3","display":"1280x768","osver":"ios13","platform":2,"uid":10054,"act":4,"loading_time":495,"goods_num":5,"model":"xiaomi31","acttime":1767247460000,"loading_type":1,"net":2,"xaid":"ab25617-c38910-m54","brand":"xiaomi","vercode":"35100083"}
{"ver":"3.0.3","display":"1280x768","goods_id":68756047416,"osver":"ios13","platform":2,"uid":10054,"act":3,"loading_time":808,"model":"xiaomi31","acttime":1767247460000,"net":2,"xaid":"ab25617-c38910-m54","brand":"xiaomi","vercode":"35100083","stay_time":3107}
{"uid":10055,"ver":"3.2.8","act":5,"display":"1920x1080","model":"huawei31","acttime":1767254485000,"net":0,"xaid":"ab25617-c38910-m55","brand":"huawei","osver":"6.0","vercode":"35100037","platform":2}
{"ver":"3.2.8","display":"1920x1080","osver":"6.0","platform":2,"uid":10055,"act":4,"loading_time":684,"goods_num":11,"model":"huawei31","acttime":1767254485000,"loading_type":2,"net":0,"xaid":"ab25617-c38910-m55","brand":"huawei","vercode":"35100037"}
{"ver":"3.2.8","display":"1920x1080","goods_id":100006025487,"osver":"6.0","platform":2,"uid":10055,"act":2,"model":"huawei31","acttime":1767254485000,"location":8,"net":0,"xaid":"ab25617-c38910-m55","brand":"huawei","vercode":"35100037"}
{"ver":"3.2.8","display":"1920x1080","goods_id":100005929343,"osver":"6.0","platform":2,"uid":10055,"act":2,"model":"huawei31","acttime":1767254485000,"location":0,"net":0,"xaid":"ab25617-c38910-m55","brand":"huawei","vercode":"35100037"}
{"uid":10056,"ver":"3.3.7","act":5,"display":"1920x1080","model":"xiaomi21","acttime":1767240564000,"net":1,"xaid":"ab25617-c38910-m56","brand":"xiaomi","osver":"ios12","vercode":"35100035","platform":2}
{"uid":10056,"ver":"3.3.7","act":5,"display":"1920x1080","model":"xiaomi21","acttime":1767240564000,"net":1,"xaid":"ab25617-c38910-m56","brand":"xiaomi","osver":"ios12","vercode":"35100035","platform":2}
{"ver":"3.3.7","display":"1920x1080","osver":"ios12","platform":2,"uid":10056,"act":4,"loading_time":400,"goods_num":14,"model":"xiaomi21","acttime":1767240564000,"loading_type":2,"net":1,"xaid":"ab25617-c38910-m56","brand":"xiaomi","vercode":"35100035"}
{"ver":"3.3.7","display":"1920x1080","osver":"ios12","platform":2,"uid":10056,"act":4,"loading_time":555,"goods_num":8,"model":"xiaomi21","acttime":1767240564000,"loading_type":2,"net":1,"xaid":"ab25617-c38910-m56","brand":"xiaomi","vercode":"35100035"}
{"ver":"3.3.2","display":"1334x750","goods_id":48232576610,"osver":"ios13","platform":1,"uid":10057,"act":2,"model":"xiaomi01","acttime":1767254489000,"location":0,"net":3,"xaid":"ab25617-c38910-m57","brand":"xiaomi","vercode":"35100010"}
{"ver":"3.3.2","display":"1334x750","goods_id":8184522,"osver":"ios13","platform":1,"uid":10057,"act":2,"model":"xiaomi01","acttime":1767254489000,"location":10,"net":3,"xaid":"ab25617-c38910-m57","brand":"xiaomi","vercode":"35100010"}
{"ver":"3.3.2","display":"1334x750","osver":"ios13","platform":1,"ad_status":1,"uid":10057,"act":1,"loading_time":200,"model":"xiaomi01","acttime":1767254489000,"net":3,"xaid":"ab25617-c38910-m57","brand":"xiaomi","vercode":"35100010"}
{"ver":"3.3.2","display":"1334x750","osver":"ios13","platform":1,"ad_status":1,"uid":10057,"act":1,"loading_time":482,"model":"xiaomi01","acttime":1767254489000,"net":3,"xaid":"ab25617-c38910-m57","brand":"xiaomi","vercode":"35100010"}
{"ver":"3.4.5","display":"1280x800","osver":"ios12","platform":1,"ad_status":2,"uid":10058,"act":1,"loading_time":149,"model":"iPhone31","acttime":1767251305000,"net":3,"xaid":"ab25617-c38910-m58","brand":"iPhone","vercode":"35100054"}
{"uid":10058,"ver":"3.4.5","act":5,"display":"1280x800","model":"iPhone31","acttime":1767251305000,"net":3,"xaid":"ab25617-c38910-m58","brand":"iPhone","osver":"ios12","vercode":"35100054","platform":1}
{"ver":"3.4.5","display":"1280x800","goods_id":100005864524,"osver":"ios12","platform":1,"uid":10058,"act":3,"loading_time":718,"model":"iPhone31","acttime":1767251305000,"net":3,"xaid":"ab25617-c38910-m58","brand":"iPhone","vercode":"35100054","stay_time":2741}
{"uid":10058,"ver":"3.4.5","act":5,"display":"1280x800","model":"iPhone31","acttime":1767251305000,"net":3,"xaid":"ab25617-c38910-m58","brand":"iPhone","osver":"ios12","vercode":"35100054","platform":1}
{"ver":"3.2.8","display":"1280x800","osver":"win10","platform":3,"uid":10059,"act":4,"loading_time":50,"goods_num":8,"model":"computer","acttime":1767240563000,"loading_type":1,"net":1,"xaid":"","brand":"computer","vercode":"35100036"}
{"uid":10059,"ver":"3.2.8","act":5,"display":"1280x800","model":"computer","acttime":1767240563000,"net":1,"xaid":"","brand":"computer","osver":"win10","vercode":"35100036","platform":3}
{"ver":"3.2.8","display":"1280x800","goods_id":7083046,"osver":"win10","platform":3,"uid":10059,"act":2,"model":"computer","acttime":1767240563000,"location":3,"net":1,"xaid":"","brand":"computer","vercode":"35100036"}
{"ver":"3.2.8","display":"1280x800","osver":"win10","platform":3,"ad_status":1,"uid":10059,"act":1,"loading_time":609,"model":"computer","acttime":1767240563000,"net":1,"xaid":"","brand":"computer","vercode":"35100036"}
{"ver":"3.4.4","display":"1334x750","osver":"win10","platform":3,"ad_status":2,"uid":10060,"act":1,"loading_time":576,"model":"computer","acttime":1767261620000,"net":1,"xaid":"","brand":"computer","vercode":"35100091"}
{"ver":"3.4.4","display":"1334x750","osver":"win10","platform":3,"uid":10060,"act":4,"loading_time":34,"goods_num":9,"model":"computer","acttime":1767261620000,"loading_type":2,"net":1,"xaid":"","brand":"computer","vercode":"35100091"}
{"ver":"3.4.4","display":"1334x750","goods_id":100009388848,"osver":"win10","platform":3,"uid":10060,"act":2,"model":"computer","acttime":1767261620000,"location":0,"net":1,"xaid":"","brand":"computer","vercode":"35100091"}
{"ver":"3.4.4","display":"1334x750","goods_id":44714132712,"osver":"win10","platform":3,"uid":10060,"act":3,"loading_time":886,"model":"computer","acttime":1767261620000,"net":1,"xaid":"","brand":"computer","vercode":"35100091","stay_time":4942}
{"ver":"3.4.2","display":"1280x800","osver":"ios12","platform":2,"ad_status":2,"uid":10061,"act":1,"loading_time":21,"model":"iPhone41","acttime":1767236426000,"net":4,"xaid":"ab25617-c38910-m61","brand":"iPhone","vercode":"35100072"}
{"ver":"3.4.2","display":"1280x800","osver":"ios12","platform":2,"uid":10061,"act":4,"loading_time":24,"goods_num":9,"model":"iPhone41","acttime":1767236426000,"loading_type":1,"net":4,"xaid":"ab25617-c38910-m61","brand":"iPhone","vercode":"35100072"}
{"ver":"3.4.2","display":"1280x800","goods_id":100006583455,"osver":"ios12","platform":2,"uid":10061,"act":2,"model":"iPhone41","acttime":1767236426000,"location":6,"net":4,"xaid":"ab25617-c38910-m61","brand":"iPhone","vercode":"35100072"}
{"ver":"3.4.2","display":"1280x800","osver":"ios12","platform":2,"uid":10061,"act":4,"loading_time":274,"goods_num":7,"model":"iPhone41","acttime":1767236426000,"loading_type":1,"net":4,"xaid":"ab25617-c38910-m61","brand":"iPhone","vercode":"35100072"}
{"ver":"3.0.0","display":"1280x800","goods_id":100011976596,"osver":"7.1.1","platform":2,"uid":10062,"act":3,"loading_time":780,"model":"iPhone11","acttime":1767258381000,"net":2,"xaid":"ab25617-c38910-m62","brand":"iPhone","vercode":"35100041","stay_time":3873}
{"uid":10062,"ver":"3.0.0","act":5,"display":"1280x800","model":"iPhone11","acttime":1767258381000,"net":2,"xaid":"ab25617-c38910-m62","brand":"iPhone","osver":"7.1.1","vercode":"35100041","platform":2}
{"ver":"3.0.0","display":"1280x800","osver":"7.1.1","platform":2,"uid":10062,"act":4,"loading_time":223,"goods_num":8,"model":"iPhone11","acttime":1767258381000,"loading_type":2,"net":2,"xaid":"ab25617-c38910-m62","brand":"iPhone","vercode":"35100041"}
{"ver":"3.0.0","display":"1280x800","osver":"7.1.1","platform":2,"ad_status":1,"uid":10062,"act":1,"loading_time":832,"model":"iPhone11","acttime":1767258381000,"net":2,"xaid":"ab25617-c38910-m62","brand":"iPhone","vercode":"35100041"}
{"ver":"3.3.3","display":"1280x768","osver":"5.1","platform":2,"ad_status":2,"uid":10063,"act":1,"loading_time":577,"model":"huawei71","acttime":1767265347000,"net":2,"xaid":"ab25617-c38910-m63","brand":"huawei","vercode":"35100089"}
{"ver":"3.3.3","display":"1280x768","goods_id":100005320968,"osver":"5.1","platform":2,"uid":10063,"act":2,"model":"huawei71","acttime":1767265347000,"location":8,"net":2,"xaid":"ab25617-c38910-m63","brand":"huawei","vercode":"35100089"}
{"ver":"3.3.3","display":"1280x768","goods_id":3913691,"osver":"5.1","platform":2,"uid":10063,"act":2,"model":"huawei71","acttime":1767265347000,"location":10,"net":2,"xaid":"ab25617-c38910-m63","brand":"huawei","vercode":"35100089"}
{"ver":"3.3.3","display":"1280x768","osver":"5.1","platform":2,"ad_status":2,"uid":10063,"act":1,"loading_time":769,"model":"huawei71","acttime":1767265347000,"net":2,"xaid":"ab25617-c38910-m63","brand":"huawei","vercode":"35100089"}
{"ver":"3.3.5","display":"1280x800","goods_id":100000074833,"osver":"win10","platform":3,"uid":10064,"act":2,"model":"computer","acttime":1767254427000,"location":4,"net":1,"xaid":"","brand":"computer","vercode":"35100019"}
{"ver":"3.3.5","display":"1280x800","osver":"win10","platform":3,"ad_status":2,"uid":10064,"act":1,"loading_time":270,"model":"computer","acttime":1767254427000,"net":1,"xaid":"","brand":"computer","vercode":"35100019"}
{"ver":"3.3.5","display":"1280x800","osver":"win10","platform":3,"uid":10064,"act":4,"loading_time":998,"goods_num":12,"model":"computer","acttime":1767254427000,"loading_type":2,"net":1,"xaid":"","brand":"computer","vercode":"35100019"}
{"ver":"3.3.5","display":"1280x800","osver":"win10","platform":3,"uid":10064,"act":4,"loading_time":722,"goods_num":7,"model":"computer","acttime":1767254427000,"loading_type":2,"net":1,"xaid":"","brand":"computer","vercode":"35100019"}
{"ver":"3.4.6","display":"1280x768","osver":"win10","platform":3,"ad_status":2,"uid":10065,"act":1,"loading_time":334,"model":"computer","acttime":1767261685000,"net":1,"xaid":"","brand":"computer","vercode":"35100096"}
{"ver":"3.4.6","display":"1280x768","goods_id":52818371853,"osver":"win10","platform":3,"uid":10065,"act":3,"loading_time":260,"model":"computer","acttime":1767261685000,"net":1,"xaid":"","brand":"computer","vercode":"35100096","stay_time":2446}
{"ver":"3.4.6","display":"1280x768","osver":"win10","platform":3,"ad_status":1,"uid":10065,"act":1,"loading_time":914,"model":"computer","acttime":1767261685000,"net":1,"xaid":"","brand":"computer","vercode":"35100096"}
{"ver":"3.4.6","display":"1280x768","osver":"win10","platform":3,"uid":10065,"act":4,"loading_time":96,"goods_num":6,"model":"computer","acttime":1767261685000,"loading_type":2,"net":1,"xaid":"","brand":"computer","vercode":"35100096"}
{"uid":10066,"ver":"3.1.1","act":5,"display":"1280x800","model":"oppo61","acttime":1767254542000,"net":5,"xaid":"ab25617-c38910-m66","brand":"oppo","osver":"5.1","vercode":"35100035","platform":1}
{"ver":"3.1.1","display":"1280x800","goods_id":100013431578,"osver":"5.1","platform":1,"uid":10066,"act":3,"loading_time":967,"model":"oppo61","acttime":1767254542000,"net":5,"xaid":"ab25617-c38910-m66","brand":"oppo","vercode":"35100035","stay_time":3917}
{"uid":10066,"ver":"3.1.1","act":5,"display":"1280x800","model":"oppo61","acttime":1767254542000,"net":5,"xaid":"ab25617-c38910-m66","brand":"oppo","osver":"5.1","vercode":"35100035","platform":1}
{"ver":"3.1.1","display":"1280x800","goods_id":100000701386,"osver":"5.1","platform":1,"uid":10066,"act":3,"loading_time":747,"model":"oppo61","acttime":1767254542000,"net":5,"xaid":"ab25617-c38910-m66","brand":"oppo","vercode":"35100035","stay_time":5149}
{"uid":10067,"ver":"3.1.7","act":5,"display":"1280x800","model":"computer","acttime":1767236962000,"net":1,"xaid":"","brand":"computer","osver":"win10","vercode":"35100089","platform":3}
{"uid":10067,"ver":"3.1.7","act":5,"display":"1280x800","model":"computer","acttime":1767236962000,"net":1,"xaid":"","brand":"computer","osver":"win10","vercode":"35100089","platform":3}
{"uid":10067,"ver":"3.1.7","act":5,"display":"1280x800","model":"computer","acttime":1767236962000,"net":1,"xaid":"","brand":"computer","osver":"win10","vercode":"35100089","platform":3}
{"ver":"3.1.7","display":"1280x800","goods_id":100012975526,"osver":"win10","platform":3,"uid":10067,"act":3,"loading_time":191,"model":"computer","acttime":1767236962000,"net":1,"xaid":"","brand":"computer","vercode":"35100089","stay_time":2334}
{"ver":"3.2.4","display":"1280x800","goods_id":100007161973,"osver":"win10","platform":3,"uid":10068,"act":3,"loading_time":896,"model":"computer","acttime":1767247706000,"net":1,"xaid":"","brand":"computer","vercode":"35100018","stay_time":5997}
{"ver":"3.2.4","display":"1280x800","osver":"win10","platform":3,"uid":10068,"act":4,"loading_time":171,"goods_num":12,"model":"computer","acttime":1767247706000,"loading_type":2,"net":1,"xaid":"","brand":"computer","vercode":"35100018"}
{"uid":10068,"ver":"3.2.4","act":5,"display":"1280x800","model":"computer","acttime":1767247706000,"net":1,"xaid":"","brand":"computer","osver":"win10","vercode":"35100018","platform":3}
{"ver":"3.2.4","display":"1280x800","goods_id":100012620814,"osver":"win10","platform":3,"uid":10068,"act":2,"model":"computer","acttime":1767247706000,"location":0,"net":1,"xaid":"","brand":"computer","vercode":"35100018"}
{"ver":"3.1.6","display":"1280x768","goods_id":100013315044,"osver":"win10","platform":3,"uid":10069,"act":2,"model":"computer","acttime":1767254969000,"location":5,"net":1,"xaid":"","brand":"computer","vercode":"35100017"}
{"ver":"3.1.6","display":"1280x768","goods_id":27797534464,"osver":"win10","platform":3,"uid":10069,"act":2,"model":"computer","acttime":1767254969000,"location":7,"net":1,"xaid":"","brand":"computer","vercode":"35100017"}
{"uid":10069,"ver":"3.1.6","act":5,"display":"1280x768","model":"computer","acttime":1767254969000,"net":1,"xaid":"","brand":"computer","osver":"win10","vercode":"35100017","platform":3}
{"ver":"3.1.6","display":"1280x768","osver":"win10","platform":3,"ad_status":2,"uid":10069,"act":1,"loading_time":980,"model":"computer","acttime":1767254969000,"net":1,"xaid":"","brand":"computer","vercode":"35100017"}
{"ver":"3.1.3","display":"1334x750","goods_id":100010879626,"osver":"win10","platform":3,"uid":10070,"act":3,"loading_time":358,"model":"computer","acttime":1767243683000,"net":1,"xaid":"","brand":"computer","vercode":"35100027","stay_time":4529}
{"ver":"3.1.3","display":"1334x750","goods_id":100004404944,"osver":"win10","platform":3,"uid":10070,"act":3,"loading_time":884,"model":"computer","acttime":1767243683000,"net":1,"xaid":"","brand":"computer","vercode":"35100027","stay_time":3827}
{"ver":"3.1.3","display":"1334x750","goods_id":100013314378,"osver":"win10","platform":3,"uid":10070,"act":2,"model":"computer","acttime":1767243683000,"location":2,"net":1,"xaid":"","brand":"computer","vercode":"35100027"}
{"uid":10070,"ver":"3.1.3","act":5,"display":"1334x750","model":"computer","acttime":1767243683000,"net":1,"xaid":"","brand":"computer","osver":"win10","vercode":"35100027","platform":3}
{"ver":"3.4.0","display":"1280x768","osver":"5.1","platform":1,"uid":10071,"act":4,"loading_time":812,"goods_num":7,"model":"huawei71","acttime":1767240387000,"loading_type":2,"net":4,"xaid":"ab25617-c38910-m71","brand":"huawei","vercode":"35100090"}
{"uid":10071,"ver":"3.4.0","act":5,"display":"1280x768","model":"huawei71","acttime":1767240387000,"net":4,"xaid":"ab25617-c38910-m71","brand":"huawei","osver":"5.1","vercode":"35100090","platform":1}
{"uid":10071,"ver":"3.4.0","act":5,"display":"1280x768","model":"huawei71","acttime":1767240387000,"net":4,"xaid":"ab25617-c38910-m71","brand":"huawei","osver":"5.1","vercode":"35100090","platform":1}
{"uid":10071,"ver":"3.4.0","act":5,"display":"1280x768","model":"huawei71","acttime":1767240387000,"net":4,"xaid":"ab25617-c38910-m71","brand":"huawei","osver":"5.1","vercode":"35100090","platform":1}
{"ver":"3.0.3","display":"1280x768","osver":"6.0","platform":1,"ad_status":1,"uid":10072,"act":1,"loading_time":390,"model":"xiaomi61","acttime":1767247524000,"net":4,"xaid":"ab25617-c38910-m72","brand":"xiaomi","vercode":"35100014"}
{"ver":"3.0.3","display":"1280x768","osver":"6.0","platform":1,"ad_status":2,"uid":10072,"act":1,"loading_time":298,"model":"xiaomi61","acttime":1767247524000,"net":4,"xaid":"ab25617-c38910-m72","brand":"xiaomi","vercode":"35100014"}
{"ver":"3.0.3","display":"1280x768","goods_id":6391124,"osver":"6.0","platform":1,"uid":10072,"act":3,"loading_time":727,"model":"xiaomi61","acttime":1767247524000,"net":4,"xaid":"ab25617-c38910-m72","brand":"xiaomi","vercode":"35100014","stay_time":2538}
{"ver":"3.0.3","display":"1280x768","osver":"6.0","platform":1,"ad_status":2,"uid":10072,"act":1,"loading_time":12,"model":"xiaomi61","acttime":1767247524000,"net":4,"xaid":"ab25617-c38910-m72","brand":"xiaomi","vercode":"35100014"}
{"ver":"3.2.8","display":"1280x768","osver":"win10","platform":3,"uid":10073,"act":4,"loading_time":200,"goods_num":5,"model":"computer","acttime":1767243689000,"loading_type":1,"net":1,"xaid":"","brand":"computer","vercode":"3510005"}
{"uid":10073,"ver":"3.2.8","act":5,"display":"1280x768","model":"computer","acttime":1767243689000,"net":1,"xaid":"","brand":"computer","osver":"win10","vercode":"3510005","platform":3}
{"uid":10073,"ver":"3.2.8","act":5,"display":"1280x768","model":"computer","acttime":1767243689000,"net":1,"xaid":"","brand":"computer","osver":"win10","vercode":"3510005","platform":3}
{"ver":"3.2.8","display":"1280x768","osver":"win10","platform":3,"ad_status":1,"uid":10073,"act":1,"loading_time":531,"model":"computer","acttime":1767243689000,"net":1,"xaid":"","brand":"computer","vercode":"3510005"}
{"ver":"3.3.2","display":"1280x768","osver":"ios12","platform":2,"uid":10074,"act":4,"loading_time":519,"goods_num":7,"model":"huawei11","acttime":1767240505000,"loading_type":2,"net":1,"xaid":"ab25617-c38910-m74","brand":"huawei","vercode":"35100036"}
{"ver":"3.3.2","display":"1280x768","goods_id":100005929325,"osver":"ios12","platform":2,"uid":10074,"act":2,"model":"huawei11","acttime":1767240505000,"location":3,"net":1,"xaid":"ab25617-c38910-m74","brand":"huawei","vercode":"35100036"}
{"ver":"3.3.2","display":"1280x768","osver":"ios12","platform":2,"uid":10074,"act":4,"loading_time":636,"goods_num":9,"model":"huawei11","acttime":1767240505000,"loading_type":1,"net":1,"xaid":"ab25617-c38910-m74","brand":"huawei","vercode":"35100036"}
{"ver":"3.3.2","display":"1280x768","osver":"ios12","platform":2,"uid":10074,"act":4,"loading_time":607,"goods_num":13,"model":"huawei11","acttime":1767240505000,"loading_type":1,"net":1,"xaid":"ab25617-c38910-m74","brand":"huawei","vercode":"35100036"}
{"ver":"3.0.6","display":"1280x768","osver":"win10","platform":3,"uid":10075,"act":4,"loading_time":390,"goods_num":11,"model":"computer","acttime":1767236727000,"loading_type":2,"net":1,"xaid":"","brand":"computer","vercode":"35100091"}
{"ver":"3.0.6","display":"1280x768","osver":"win10","platform":3,"uid":10075,"act":4,"loading_time":788,"goods_num":6,"model":"computer","acttime":1767236727000,"loading_type":1,"net":1,"xaid":"","brand":"computer","vercode":"35100091"}
{"ver":"3.0.6","display":"1280x768","goods_id":100002828145,"osver":"win10","platform":3,"uid":10075,"act":2,"model":"computer","acttime":1767236727000,"location":2,"net":1,"xaid":"","brand":"computer","vercode":"35100091"}
{"ver":"3.0.6","display":"1280x768","osver":"win10","platform":3,"uid":10075,"act":4,"loading_time":407,"goods_num":7,"model":"computer","acttime":1767236727000,"loading_type":2,"net":1,"xaid":"","brand":"computer","vercode":"35100091"}
{"ver":"3.1.7","display":"1334x750","goods_id":100010426320,"osver":"ios12","platform":1,"uid":10076,"act":3,"loading_time":49,"model":"xiaomi41","acttime":1767240563000,"net":1,"xaid":"ab25617-c38910-m76","brand":"xiaomi","vercode":"35100089","stay_time":227}
{"uid":10076,"ver":"3.1.7","act":5,"display":"1334x750","model":"xiaomi41","acttime":1767240563000,"net":1,"xaid":"ab25617-c38910-m76","brand":"xiaomi","osver":"ios12","vercode":"35100089","platform":1}
{"ver":"3.1.7","display":"1334x750","goods_id":100004562551,"osver":"ios12","platform":1,"uid":10076,"act":2,"model":"xiaomi41","acttime":1767240563000,"location":2,"net":1,"xaid":"ab25617-c38910-m76","brand":"xiaomi","vercode":"35100089"}
{"ver":"3.1.7","display":"1334x750","osver":"ios12","platform":1,"ad_status":2,"uid":10076,"act":1,"loading_time":138,"model":"xiaomi41","acttime":1767240563000,"net":1,"xaid":"ab25617-c38910-m76","brand":"xiaomi","vercode":"35100089"}
{"ver":"3.4.0","display":"1334x750","osver":"ios12","platform":2,"ad_status":1,"uid":10077,"act":1,"loading_time":944,"model":"huawei61","acttime":1767233181000,"net":2,"xaid":"ab25617-c38910-m77","brand":"huawei","vercode":"35100024"}
{"ver":"3.4.0","display":"1334x750","osver":"ios12","platform":2,"ad_status":1,"uid":10077,"act":1,"loading_time":694,"model":"huawei61","acttime":1767233181000,"net":2,"xaid":"ab25617-c38910-m77","brand":"huawei","vercode":"35100024"}
{"ver":"3.4.0","display":"1334x750","osver":"ios12","platform":2,"ad_status":1,"uid":10077,"act":1,"loading_time":892,"model":"huawei61","acttime":1767233181000,"net":2,"xaid":"ab25617-c38910-m77","brand":"huawei","vercode":"35100024"}
{"ver":"3.4.0","display":"1334x750","osver":"ios12","platform":2,"ad_status":2,"uid":10077,"act":1,"loading_time":818,"model":"huawei61","acttime":1767233181000,"net":2,"xaid":"ab25617-c38910-m77","brand":"huawei","vercode":"35100024"}
{"ver":"3.2.3","display":"1280x800","goods_id":100012372810,"osver":"win10","platform":3,"uid":10078,"act":3,"loading_time":622,"model":"computer","acttime":1767236426000,"net":1,"xaid":"","brand":"computer","vercode":"35100088","stay_time":138}
{"ver":"3.2.3","display":"1280x800","goods_id":68756047416,"osver":"win10","platform":3,"uid":10078,"act":3,"loading_time":49,"model":"computer","acttime":1767236426000,"net":1,"xaid":"","brand":"computer","vercode":"35100088","stay_time":1298}
{"uid":10078,"ver":"3.2.3","act":5,"display":"1280x800","model":"computer","acttime":1767236426000,"net":1,"xaid":"","brand":"computer","osver":"win10","vercode":"35100088","platform":3}
{"ver":"3.2.3","display":"1280x800","goods_id":100013411126,"osver":"win10","platform":3,"uid":10078,"act":3,"loading_time":752,"model":"computer","acttime":1767236426000,"net":1,"xaid":"","brand":"computer","vercode":"35100088","stay_time":2734}
{"ver":"3.0.8","display":"1334x750","osver":"5.1","platform":1,"ad_status":1,"uid":10079,"act":1,"loading_time":417,"model":"iPhone21","acttime":1767240503000,"net":3,"xaid":"ab25617-c38910-m79","brand":"iPhone","vercode":"35100036"}
{"ver":"3.0.8","display":"1334x750","goods_id":100011558420,"osver":"5.1","platform":1,"uid":10079,"act":3,"loading_time":684,"model":"iPhone21","acttime":1767240503000,"net":3,"xaid":"ab25617-c38910-m79","brand":"iPhone","vercode":"35100036","stay_time":5056}
{"ver":"3.0.8","display":"1334x750","osver":"5.1","platform":1,"ad_status":2,"uid":10079,"act":1,"loading_time":340,"model":"iPhone21","acttime":1767240503000,"net":3,"xaid":"ab25617-c38910-m79","brand":"iPhone","vercode":"35100036"}
{"uid":10079,"ver":"3.0.8","act":5,"display":"1334x750","model":"iPhone21","acttime":1767240503000,"net":3,"xaid":"ab25617-c38910-m79","brand":"iPhone","osver":"5.1","vercode":"35100036","platform":1}
{"uid":10080,"ver":"3.2.8","act":5,"display":"1280x800","model":"computer","acttime":1767258384000,"net":1,"xaid":"","brand":"computer","osver":"win10","vercode":"35100051","platform":3}
{"ver":"3.2.8","display":"1280x800","goods_id":100004541944,"osver":"win10","platform":3,"uid":10080,"act":3,"loading_time":444,"model":"computer","acttime":1767258384000,"net":1,"xaid":"","brand":"computer","vercode":"35100051","stay_time":5275}
{"ver":"3.2.8","display":"1280x800","goods_id":100004995386,"osver":"win10","platform":3,"uid":10080,"act":3,"loading_time":88,"model":"computer","acttime":1767258384000,"net":1,"xaid":"","brand":"computer","vercode":"35100051","stay_time":909}
{"uid":10080,"ver":"3.2.8","act":5,"display":"1280x800","model":"computer","acttime":1767258384000,"net":1,"xaid":"","brand":"computer","osver":"win10","vercode":"35100051","platform":3}
{"ver":"3.3.1","display":"1280x768","osver":"6.0","platform":1,"uid":10081,"act":4,"loading_time":999,"goods_num":12,"model":"iPhone31","acttime":1767258564000,"loading_type":1,"net":3,"xaid":"ab25617-c38910-m81","brand":"iPhone","vercode":"3510008"}
{"ver":"3.3.1","display":"1280x768","goods_id":100005929343,"osver":"6.0","platform":1,"uid":10081,"act":2,"model":"iPhone31","acttime":1767258564000,"location":3,"net":3,"xaid":"ab25617-c38910-m81","brand":"iPhone","vercode":"3510008"}
{"ver":"3.3.1","display":"1280x768","osver":"6.0","platform":1,"ad_status":1,"uid":10081,"act":1,"loading_time":328,"model":"iPhone31","acttime":1767258564000,"net":3,"xaid":"ab25617-c38910-m81","brand":"iPhone","vercode":"3510008"}
{"ver":"3.3.1","display":"1280x768","goods_id":100011833542,"osver":"6.0","platform":1,"uid":10081,"act":3,"loading_time":844,"model":"iPhone31","acttime":1767258564000,"net":3,"xaid":"ab25617-c38910-m81","brand":"iPhone","vercode":"3510008","stay_time":161}
{"ver":"3.4.2","display":"1334x750","goods_id":100007078171,"osver":"win10","platform":3,"uid":10082,"act":3,"loading_time":31,"model":"computer","acttime":1767236544000,"net":1,"xaid":"","brand":"computer","vercode":"35100099","stay_time":5624}
{"ver":"3.4.2","display":"1334x750","goods_id":100010260256,"osver":"win10","platform":3,"uid":10082,"act":2,"model":"computer","acttime":1767236544000,"location":3,"net":1,"xaid":"","brand":"computer","vercode":"35100099"}
{"ver":"3.4.2","display":"1334x750","osver":"win10","platform":3,"ad_status":2,"uid":10082,"act":1,"loading_time":440,"model":"computer","acttime":1767236544000,"net":1,"xaid":"","brand":"computer","vercode":"35100099"}
{"ver":"3.4.2","display":"1334x750","goods_id":100007006134,"osver":"win10","platform":3,"uid":10082,"act":3,"loading_time":637,"model":"computer","acttime":1767236544000,"net":1,"xaid":"","brand":"computer","vercode":"35100099","stay_time":4250}
{"uid":10083,"ver":"3.1.0","act":5,"display":"1280x800","model":"oppo81","acttime":1767254423000,"net":0,"xaid":"ab25617-c38910-m83","brand":"oppo","osver":"ios12","vercode":"35100046","platform":2}
{"ver":"3.1.0","display":"1280x800","osver":"ios12","platform":2,"ad_status":2,"uid":10083,"act":1,"loading_time":620,"model":"oppo81","acttime":1767254423000,"net":0,"xaid":"ab25617-c38910-m83","brand":"oppo","vercode":"35100046"}
{"ver":"3.1.0","display":"1280x800","goods_id":100006464724,"osver":"ios12","platform":2,"uid":10083,"act":3,"loading_time":352,"model":"oppo81","acttime":1767254423000,"net":0,"xaid":"ab25617-c38910-m83","brand":"oppo","vercode":"35100046","stay_time":3963}
{"ver":"3.1.0","display":"1280x800","goods_id":100013212554,"osver":"ios12","platform":2,"uid":10083,"act":3,"loading_time":872,"model":"oppo81","acttime":1767254423000,"net":0,"xaid":"ab25617-c38910-m83","brand":"oppo","vercode":"35100046","stay_time":4960}
{"ver":"3.3.2","display":"1280x768","osver":"7.1.1","platform":1,"ad_status":1,"uid":10084,"act":1,"loading_time":477,"model":"oppo41","acttime":1767247640000,"net":1,"xaid":"ab25617-c38910-m84","brand":"oppo","vercode":"35100042"}
{"ver":"3.3.2","display":"1280x768","goods_id":44156284192,"osver":"7.1.1","platform":1,"uid":10084,"act":3,"loading_time":790,"model":"oppo41","acttime":1767247640000,"net":1,"xaid":"ab25617-c38910-m84","brand":"oppo","vercode":"35100042","stay_time":1148}
{"ver":"3.3.2","display":"1280x768","osver":"7.1.1","platform":1,"ad_status":2,"uid":10084,"act":1,"loading_time":129,"model":"oppo41","acttime":1767247640000,"net":1,"xaid":"ab25617-c38910-m84","brand":"oppo","vercode":"35100042"}
{"ver":"3.3.2","display":"1280x768","goods_id":100005855828,"osver":"7.1.1","platform":1,"uid":10084,"act":2,"model":"oppo41","acttime":1767247640000,"location":7,"net":1,"xaid":"ab25617-c38910-m84","brand":"oppo","vercode":"35100042"}
{"ver":"3.2.6","display":"1280x800","osver":"7.1.1","platform":1,"uid":10085,"act":4,"loading_time":315,"goods_num":8,"model":"iPhone01","acttime":1767232884000,"loading_type":1,"net":5,"xaid":"ab25617-c38910-m85","brand":"iPhone","vercode":"35100091"}
{"ver":"3.2.6","display":"1280x800","osver":"7.1.1","platform":1,"ad_status":2,"uid":10085,"act":1,"loading_time":724,"model":"iPhone01","acttime":1767232884000,"net":5,"xaid":"ab25617-c38910-m85","brand":"iPhone","vercode":"35100091"}
{"ver":"3.2.6","display":"1280x800","goods_id":6353827,"osver":"7.1.1","platform":1,"uid":10085,"act":3,"loading_time":843,"model":"iPhone01","acttime":1767232884000,"net":5,"xaid":"ab25617-c38910-m85","brand":"iPhone","vercode":"35100091","stay_time":3020}
{"ver":"3.2.6","display":"1280x800","goods_id":11244282628,"osver":"7.1.1","platform":1,"uid":10085,"act":2,"model":"iPhone01","acttime":1767232884000,"location":4,"net":5,"xaid":"ab25617-c38910-m85","brand":"iPhone","vercode":"35100091"}
{"ver":"3.0.8","display":"1280x768","osver":"5.1","platform":1,"uid":10086,"act":4,"loading_time":14,"goods_num":14,"model":"oppo11","acttime":1767236603000,"loading_type":2,"net":3,"xaid":"ab25617-c38910-m86","brand":"oppo","vercode":"35100044"}
{"ver":"3.0.8","display":"1280x768","osver":"5.1","platform":1,"ad_status":1,"uid":10086,"act":1,"loading_time":490,"model":"oppo11","acttime":1767236603000,"net":3,"xaid":"ab25617-c38910-m86","brand":"oppo","vercode":"35100044"}
{"uid":10086,"ver":"3.0.8","act":5,"display":"1280x768","model":"oppo11","acttime":1767236603000,"net":3,"xaid":"ab25617-c38910-m86","brand":"oppo","osver":"5.1","vercode":"35100044","platform":1}
{"ver":"3.0.8","display":"1280x768","osver":"5.1","platform":1,"ad_status":1,"uid":10086,"act":1,"loading_time":88,"model":"oppo11","acttime":1767236603000,"net":3,"xaid":"ab25617-c38910-m86","brand":"oppo","vercode":"35100044"}
{"uid":10087,"ver":"3.1.0","act":5,"display":"1334x750","model":"computer","acttime":1767243742000,"net":1,"xaid":"","brand":"computer","osver":"win10","vercode":"35100017","platform":3}
{"ver":"3.1.0","display":"1334x750","osver":"win10","platform":3,"ad_status":1,"uid":10087,"act":1,"loading_time":35,"model":"computer","acttime":1767243742000,"net":1,"xaid":"","brand":"computer","vercode":"35100017"}
{"ver":"3.1.0","display":"1334x750","osver":"win10","platform":3,"uid":10087,"act":4,"loading_time":106,"goods_num":8,"model":"computer","acttime":1767243742000,"loading_type":1,"net":1,"xaid":"","brand":"computer","vercode":"35100017"}
{"ver":"3.1.0","display":"1334x750","goods_id":6442209,"osver":"win10","platform":3,"uid":10087,"act":2,"model":"computer","acttime":1767243742000,"location":4,"net":1,"xaid":"","brand":"computer","vercode":"35100017"}
{"ver":"3.1.2","display":"1334x750","osver":"7.1.1","platform":2,"uid":10088,"act":4,"loading_time":17,"goods_num":11,"model":"oppo11","acttime":1767236660000,"loading_type":2,"net":2,"xaid":"ab25617-c38910-m88","brand":"oppo","vercode":"35100041"}
{"uid":10088,"ver":"3.1.2","act":5,"display":"1334x750","model":"oppo11","acttime":1767236660000,"net":2,"xaid":"ab25617-c38910-m88","brand":"oppo","osver":"7.1.1","vercode":"35100041","platform":2}
{"ver":"3.1.2","display":"1334x750","goods_id":100013362038,"osver":"7.1.1","platform":2,"uid":10088,"act":2,"model":"oppo11","acttime":1767236660000,"location":9,"net":2,"xaid":"ab25617-c38910-m88","brand":"oppo","vercode":"35100041"}
{"ver":"3.1.2","display":"1334x750","goods_id":100011479458,"osver":"7.1.1","platform":2,"uid":10088,"act":3,"loading_time":23,"model":"oppo11","acttime":1767236660000,"net":2,"xaid":"ab25617-c38910-m88","brand":"oppo","vercode":"35100041","stay_time":1551}
{"ver":"3.3.7","display":"1920x1080","osver":"6.0","platform":2,"ad_status":2,"uid":10089,"act":1,"loading_time":656,"model":"iPhone31","acttime":1767233301000,"net":0,"xaid":"ab25617-c38910-m89","brand":"iPhone","vercode":"35100087"}
{"ver":"3.3.7","display":"1920x1080","goods_id":28206239565,"osver":"6.0","platform":2,"uid":10089,"act":3,"loading_time":644,"model":"iPhone31","acttime":1767233301000,"net":0,"xaid":"ab25617-c38910-m89","brand":"iPhone","vercode":"35100087","stay_time":3782}
{"ver":"3.3.7","display":"1920x1080","goods_id":53067059819,"osver":"6.0","platform":2,"uid":10089,"act":3,"loading_time":565,"model":"iPhone31","acttime":1767233301000,"net":0,"xaid":"ab25617-c38910-m89","brand":"iPhone","vercode":"35100087","stay_time":5992}
{"ver":"3.3.7","display":"1920x1080","goods_id":100008307208,"osver":"6.0","platform":2,"uid":10089,"act":2,"model":"iPhone31","acttime":1767233301000,"location":0,"net":0,"xaid":"ab25617-c38910-m89","brand":"iPhone","vercode":"35100087"}
{"ver":"3.1.4","display":"1280x800","osver":"5.1","platform":2,"ad_status":1,"uid":10090,"act":1,"loading_time":669,"model":"xiaomi11","acttime":1767251300000,"net":3,"xaid":"ab25617-c38910-m90","brand":"xiaomi","vercode":"35100084"}
{"ver":"3.1.4","display":"1280x800","osver":"5.1","platform":2,"uid":10090,"act":4,"loading_time":689,"goods_num":6,"model":"xiaomi11","acttime":1767251300000,"loading_type":1,"net":3,"xaid":"ab25617-c38910-m90","brand":"xiaomi","vercode":"35100084"}
{"ver":"3.1.4","display":"1280x800","osver":"5.1","platform":2,"ad_status":2,"uid":10090,"act":1,"loading_time":371,"model":"xiaomi11","acttime":1767251300000,"net":3,"xaid":"ab25617-c38910-m90","brand":"xiaomi","vercode":"35100084"}
{"ver":"3.1.4","display":"1280x800","goods_id":100005228312,"osver":"5.1","platform":2,"uid":10090,"act":3,"loading_time":582,"model":"xiaomi11","acttime":1767251300000,"net":3,"xaid":"ab25617-c38910-m90","brand":"xiaomi","vercode":"35100084","stay_time":3949}
{"ver":"3.0.7","display":"1334x750","goods_id":100010260256,"osver":"ios13","platform":1,"uid":10091,"act":3,"loading_time":888,"model":"xiaomi71","acttime":1767265761000,"net":5,"xaid":"ab25617-c38910-m91","brand":"xiaomi","vercode":"35100023","stay_time":4880}
{"ver":"3.0.7","display":"1334x750","goods_id":100011461634,"osver":"ios13","platform":1,"uid":10091,"act":3,"loading_time":826,"model":"xiaomi71","acttime":1767265761000,"net":5,"xaid":"ab25617-c38910-m91","brand":"xiaomi","vercode":"35100023","stay_time":2589}
{"uid":10091,"ver":"3.0.7","act":5,"display":"1334x750","model":"xiaomi71","acttime":1767265761000,"net":5,"xaid":"ab25617-c38910-m91","brand":"xiaomi","osver":"ios13","vercode":"35100023","platform":1}
{"ver":"3.0.7","display":"1334x750","osver":"ios13","platform":1,"uid":10091,"act":4,"loading_time":424,"goods_num":8,"model":"xiaomi71","acttime":1767265761000,"loading_type":2,"net":5,"xaid":"ab25617-c38910-m91","brand":"xiaomi","vercode":"35100023"}
{"ver":"3.0.7","display":"1920x1080","goods_id":100008094592,"osver":"5.1","platform":2,"uid":10092,"act":3,"loading_time":741,"model":"huawei81","acttime":1767251248000,"net":4,"xaid":"ab25617-c38910-m92","brand":"huawei","vercode":"35100094","stay_time":1006}
{"uid":10092,"ver":"3.0.7","act":5,"display":"1920x1080","model":"huawei81","acttime":1767251248000,"net":4,"xaid":"ab25617-c38910-m92","brand":"huawei","osver":"5.1","vercode":"35100094","platform":2}
{"ver":"3.0.7","display":"1920x1080","osver":"5.1","platform":2,"ad_status":2,"uid":10092,"act":1,"loading_time":832,"model":"huawei81","acttime":1767251248000,"net":4,"xaid":"ab25617-c38910-m92","brand":"huawei","vercode":"35100094"}
{"ver":"3.0.7","display":"1920x1080","osver":"5.1","platform":2,"ad_status":2,"uid":10092,"act":1,"loading_time":584,"model":"huawei81","acttime":1767251248000,"net":4,"xaid":"ab25617-c38910-m92","brand":"huawei","vercode":"35100094"}
{"uid":10093,"ver":"3.0.8","act":5,"display":"1280x768","model":"huawei51","acttime":1767251064000,"net":2,"xaid":"ab25617-c38910-m93","brand":"huawei","osver":"ios13","vercode":"35100049","platform":1}
{"uid":10093,"ver":"3.0.8","act":5,"display":"1280x768","model":"huawei51","acttime":1767251064000,"net":2,"xaid":"ab25617-c38910-m93","brand":"huawei","osver":"ios13","vercode":"35100049","platform":1}
{"ver":"3.0.8","display":"1280x768","osver":"ios13","platform":1,"ad_status":2,"uid":10093,"act":1,"loading_time":269,"model":"huawei51","acttime":1767251064000,"net":2,"xaid":"ab25617-c38910-m93","brand":"huawei","vercode":"35100049"}
{"ver":"3.0.8","display":"1280x768","osver":"ios13","platform":1,"uid":10093,"act":4,"loading_time":274,"goods_num":14,"model":"huawei51","acttime":1767251064000,"loading_type":1,"net":2,"xaid":"ab25617-c38910-m93","brand":"huawei","vercode":"35100049"}
{"uid":10094,"ver":"3.1.0","act":5,"display":"1280x768","model":"oppo81","acttime":1767258440000,"net":3,"xaid":"ab25617-c38910-m94","brand":"oppo","osver":"7.1.1","vercode":"35100051","platform":1}
{"ver":"3.1.0","display":"1280x768","osver":"7.1.1","platform":1,"uid":10094,"act":4,"loading_time":866,"goods_num":12,"model":"oppo81","acttime":1767258440000,"loading_type":2,"net":3,"xaid":"ab25617-c38910-m94","brand":"oppo","vercode":"35100051"}
{"ver":"3.1.0","display":"1280x768","goods_id":100010816812,"osver":"7.1.1","platform":1,"uid":10094,"act":2,"model":"oppo81","acttime":1767258440000,"location":7,"net":3,"xaid":"ab25617-c38910-m94","brand":"oppo","vercode":"35100051"}
{"uid":10094,"ver":"3.1.0","act":5,"display":"1280x768","model":"oppo81","acttime":1767258440000,"net":3,"xaid":"ab25617-c38910-m94","brand":"oppo","osver":"7.1.1","vercode":"35100051","platform":1}
{"ver":"3.2.4","display":"1334x750","osver":"5.1","platform":2,"ad_status":2,"uid":10095,"act":1,"loading_time":510,"model":"huawei01","acttime":1767258568000,"net":5,"xaid":"ab25617-c38910-m95","brand":"huawei","vercode":"35100014"}
{"ver":"3.2.4","display":"1334x750","osver":"5.1","platform":2,"ad_status":2,"uid":10095,"act":1,"loading_time":880,"model":"huawei01","acttime":1767258568000,"net":5,"xaid":"ab25617-c38910-m95","brand":"huawei","vercode":"35100014"}
{"uid":10095,"ver":"3.2.4","act":5,"display":"1334x750","model":"huawei01","acttime":1767258568000,"net":5,"xaid":"ab25617-c38910-m95","brand":"huawei","osver":"5.1","vercode":"35100014","platform":2}
{"ver":"3.2.4","display":"1334x750","osver":"5.1","platform":2,"ad_status":1,"uid":10095,"act":1,"loading_time":730,"model":"huawei01","acttime":1767258568000,"net":5,"xaid":"ab25617-c38910-m95","brand":"huawei","vercode":"35100014"}
{"ver":"3.0.5","display":"1334x750","osver":"win10","platform":3,"ad_status":1,"uid":10096,"act":1,"loading_time":326,"model":"computer","acttime":1767240443000,"net":1,"xaid":"","brand":"computer","vercode":"35100040"}
{"ver":"3.0.5","display":"1334x750","osver":"win10","platform":3,"ad_status":2,"uid":10096,"act":1,"loading_time":935,"model":"computer","acttime":1767240443000,"net":1,"xaid":"","brand":"computer","vercode":"35100040"}
{"ver":"3.0.5","display":"1334x750","goods_id":100013291032,"osver":"win10","platform":3,"uid":10096,"act":2,"model":"computer","acttime":1767240443000,"location":6,"net":1,"xaid":"","brand":"computer","vercode":"35100040"}
{"ver":"3.0.5","display":"1334x750","goods_id":100012340476,"osver":"win10","platform":3,"uid":10096,"act":2,"model":"computer","acttime":1767240443000,"location":5,"net":1,"xaid":"","brand":"computer","vercode":"35100040"}
{"ver":"3.0.8","display":"1334x750","osver":"win10","platform":3,"ad_status":2,"uid":10097,"act":1,"loading_time":748,"model":"computer","acttime":1767250944000,"net":1,"xaid":"","brand":"computer","vercode":"35100044"}
{"ver":"3.0.8","display":"1334x750","osver":"win10","platform":3,"uid":10097,"act":4,"loading_time":115,"goods_num":8,"model":"computer","acttime":1767250944000,"loading_type":2,"net":1,"xaid":"","brand":"computer","vercode":"35100044"}
{"uid":10097,"ver":"3.0.8","act":5,"display":"1334x750","model":"computer","acttime":1767250944000,"net":1,"xaid":"","brand":"computer","osver":"win10","vercode":"35100044","platform":3}
{"ver":"3.0.8","display":"1334x750","goods_id":58864409739,"osver":"win10","platform":3,"uid":10097,"act":2,"model":"computer","acttime":1767250944000,"location":9,"net":1,"xaid":"","brand":"computer","vercode":"35100044"}
{"ver":"3.1.3","display":"1920x1080","goods_id":412522,"osver":"6.0","platform":2,"uid":10098,"act":2,"model":"xiaomi11","acttime":1767247286000,"location":5,"net":2,"xaid":"ab25617-c38910-m98","brand":"xiaomi","vercode":"35100025"}
{"ver":"3.1.3","display":"1920x1080","goods_id":31761676370,"osver":"6.0","platform":2,"uid":10098,"act":2,"model":"xiaomi11","acttime":1767247286000,"location":8,"net":2,"xaid":"ab25617-c38910-m98","brand":"xiaomi","vercode":"35100025"}
{"uid":10098,"ver":"3.1.3","act":5,"display":"1920x1080","model":"xiaomi11","acttime":1767247286000,"net":2,"xaid":"ab25617-c38910-m98","brand":"xiaomi","osver":"6.0","vercode":"35100025","platform":2}
{"uid":10098,"ver":"3.1.3","act":5,"display":"1920x1080","model":"xiaomi11","acttime":1767247286000,"net":2,"xaid":"ab25617-c38910-m98","brand":"xiaomi","osver":"6.0","vercode":"35100025","platform":2}
{"ver":"3.0.5","display":"1280x800","goods_id":100011351650,"osver":"6.0","platform":2,"uid":10099,"act":3,"loading_time":558,"model":"huawei81","acttime":1767258086000,"net":5,"xaid":"ab25617-c38910-m99","brand":"huawei","vercode":"35100018","stay_time":2948}
{"ver":"3.0.5","display":"1280x800","osver":"6.0","platform":2,"uid":10099,"act":4,"loading_time":556,"goods_num":13,"model":"huawei81","acttime":1767258086000,"loading_type":2,"net":5,"xaid":"ab25617-c38910-m99","brand":"huawei","vercode":"35100018"}
{"uid":10099,"ver":"3.0.5","act":5,"display":"1280x800","model":"huawei81","acttime":1767258086000,"net":5,"xaid":"ab25617-c38910-m99","brand":"huawei","osver":"6.0","vercode":"35100018","platform":2}
{"uid":10099,"ver":"3.0.5","act":5,"display":"1280x800","model":"huawei81","acttime":1767258086000,"net":5,"xaid":"ab25617-c38910-m99","brand":"huawei","osver":"6.0","vercode":"35100018","platform":2}
